{"/home/alex/dev/ug-layout/packages/core/src/geometry.ts": {"path":"/home/alex/dev/ug-layout/packages/core/src/geometry.ts","all":false,"statementMap":{"0":{"start":{"line":1,"column":0},"end":{"line":1,"column":23}},"1":{"start":{"line":2,"column":0},"end":{"line":2,"column":15}},"2":{"start":{"line":3,"column":0},"end":{"line":3,"column":14}},"3":{"start":{"line":4,"column":0},"end":{"line":4,"column":16}},"4":{"start":{"line":5,"column":0},"end":{"line":5,"column":17}},"5":{"start":{"line":6,"column":0},"end":{"line":6,"column":1}},"6":{"start":{"line":7,"column":0},"end":{"line":7,"column":0}},"7":{"start":{"line":8,"column":0},"end":{"line":8,"column":24}},"8":{"start":{"line":9,"column":0},"end":{"line":9,"column":12}},"9":{"start":{"line":10,"column":0},"end":{"line":10,"column":12}},"10":{"start":{"line":11,"column":0},"end":{"line":11,"column":1}},"11":{"start":{"line":12,"column":0},"end":{"line":12,"column":0}},"12":{"start":{"line":13,"column":0},"end":{"line":13,"column":3}},"13":{"start":{"line":14,"column":0},"end":{"line":14,"column":67}},"14":{"start":{"line":15,"column":0},"end":{"line":15,"column":68}},"15":{"start":{"line":16,"column":0},"end":{"line":16,"column":75}},"16":{"start":{"line":17,"column":0},"end":{"line":17,"column":3}},"17":{"start":{"line":18,"column":0},"end":{"line":18,"column":67}},"18":{"start":{"line":19,"column":0},"end":{"line":19,"column":63}},"19":{"start":{"line":20,"column":0},"end":{"line":20,"column":63}},"20":{"start":{"line":21,"column":0},"end":{"line":21,"column":61}},"21":{"start":{"line":22,"column":0},"end":{"line":22,"column":3}},"22":{"start":{"line":23,"column":0},"end":{"line":23,"column":37}},"23":{"start":{"line":24,"column":0},"end":{"line":24,"column":13}},"24":{"start":{"line":25,"column":0},"end":{"line":25,"column":18}},"25":{"start":{"line":26,"column":0},"end":{"line":26,"column":17}},"26":{"start":{"line":27,"column":0},"end":{"line":27,"column":10}},"27":{"start":{"line":28,"column":0},"end":{"line":28,"column":64}},"28":{"start":{"line":29,"column":0},"end":{"line":29,"column":55}},"29":{"start":{"line":30,"column":0},"end":{"line":30,"column":59}},"30":{"start":{"line":31,"column":0},"end":{"line":31,"column":47}},"31":{"start":{"line":32,"column":0},"end":{"line":32,"column":47}},"32":{"start":{"line":33,"column":0},"end":{"line":33,"column":0}},"33":{"start":{"line":34,"column":0},"end":{"line":34,"column":18}},"34":{"start":{"line":35,"column":0},"end":{"line":35,"column":1}},"35":{"start":{"line":36,"column":0},"end":{"line":36,"column":0}},"36":{"start":{"line":37,"column":0},"end":{"line":37,"column":3}},"37":{"start":{"line":38,"column":0},"end":{"line":38,"column":66}},"38":{"start":{"line":39,"column":0},"end":{"line":39,"column":3}},"39":{"start":{"line":40,"column":0},"end":{"line":40,"column":68}},"40":{"start":{"line":41,"column":0},"end":{"line":41,"column":45}},"41":{"start":{"line":42,"column":0},"end":{"line":42,"column":45}},"42":{"start":{"line":43,"column":0},"end":{"line":43,"column":47}},"43":{"start":{"line":44,"column":0},"end":{"line":44,"column":54}},"44":{"start":{"line":45,"column":0},"end":{"line":45,"column":36}},"45":{"start":{"line":46,"column":0},"end":{"line":46,"column":3}},"46":{"start":{"line":47,"column":0},"end":{"line":47,"column":31}},"47":{"start":{"line":48,"column":0},"end":{"line":48,"column":13}},"48":{"start":{"line":49,"column":0},"end":{"line":49,"column":18}},"49":{"start":{"line":50,"column":0},"end":{"line":50,"column":18}},"50":{"start":{"line":51,"column":0},"end":{"line":51,"column":39}},"51":{"start":{"line":52,"column":0},"end":{"line":52,"column":24}},"52":{"start":{"line":53,"column":0},"end":{"line":53,"column":11}},"53":{"start":{"line":54,"column":0},"end":{"line":54,"column":35}},"54":{"start":{"line":55,"column":0},"end":{"line":55,"column":47}},"55":{"start":{"line":56,"column":0},"end":{"line":56,"column":63}},"56":{"start":{"line":57,"column":0},"end":{"line":57,"column":10}},"57":{"start":{"line":58,"column":0},"end":{"line":58,"column":49}},"58":{"start":{"line":59,"column":0},"end":{"line":59,"column":63}},"59":{"start":{"line":60,"column":0},"end":{"line":60,"column":3}},"60":{"start":{"line":61,"column":0},"end":{"line":61,"column":1}}},"s":{"0":1,"1":1,"2":1,"3":1,"4":1,"5":1,"6":1,"7":1,"8":1,"9":1,"10":1,"11":1,"12":1,"13":1,"14":1,"15":1,"16":1,"17":1,"18":1,"19":1,"20":1,"21":1,"22":1,"23":4,"24":4,"25":4,"26":4,"27":4,"28":4,"29":4,"30":4,"31":4,"32":4,"33":4,"34":4,"35":1,"36":1,"37":1,"38":1,"39":1,"40":1,"41":1,"42":1,"43":1,"44":1,"45":1,"46":1,"47":1,"48":1,"49":1,"50":1,"51":1,"52":1,"53":1,"54":1,"55":1,"56":1,"57":0,"58":0,"59":0,"60":1},"branchMap":{"0":{"type":"branch","line":23,"loc":{"start":{"line":23,"column":7},"end":{"line":35,"column":1}},"locations":[{"start":{"line":23,"column":7},"end":{"line":35,"column":1}}]},"1":{"type":"branch","line":47,"loc":{"start":{"line":47,"column":7},"end":{"line":61,"column":1}},"locations":[{"start":{"line":47,"column":7},"end":{"line":61,"column":1}}]},"2":{"type":"branch","line":57,"loc":{"start":{"line":57,"column":2},"end":{"line":60,"column":3}},"locations":[{"start":{"line":57,"column":2},"end":{"line":60,"column":3}}]}},"b":{"0":[4],"1":[1],"2":[0]},"fnMap":{"0":{"name":"normalizeCoordinates","decl":{"start":{"line":23,"column":7},"end":{"line":35,"column":1}},"loc":{"start":{"line":23,"column":7},"end":{"line":35,"column":1}},"line":23},"1":{"name":"calculateRatio","decl":{"start":{"line":47,"column":7},"end":{"line":61,"column":1}},"loc":{"start":{"line":47,"column":7},"end":{"line":61,"column":1}},"line":47}},"f":{"0":4,"1":1}}
,"/home/alex/dev/ug-layout/packages/core/src/index.ts": {"path":"/home/alex/dev/ug-layout/packages/core/src/index.ts","all":false,"statementMap":{"0":{"start":{"line":1,"column":0},"end":{"line":1,"column":36}},"1":{"start":{"line":2,"column":0},"end":{"line":2,"column":8}},"2":{"start":{"line":3,"column":0},"end":{"line":3,"column":13}},"3":{"start":{"line":4,"column":0},"end":{"line":4,"column":14}},"4":{"start":{"line":5,"column":0},"end":{"line":5,"column":21}},"5":{"start":{"line":6,"column":0},"end":{"line":6,"column":13}},"6":{"start":{"line":7,"column":0},"end":{"line":7,"column":11}},"7":{"start":{"line":8,"column":0},"end":{"line":8,"column":12}},"8":{"start":{"line":9,"column":0},"end":{"line":9,"column":17}},"9":{"start":{"line":10,"column":0},"end":{"line":10,"column":8}},"10":{"start":{"line":11,"column":0},"end":{"line":11,"column":11}},"11":{"start":{"line":12,"column":0},"end":{"line":12,"column":18}},"12":{"start":{"line":13,"column":0},"end":{"line":13,"column":18}},"13":{"start":{"line":14,"column":0},"end":{"line":14,"column":17}},"14":{"start":{"line":15,"column":0},"end":{"line":15,"column":16}},"15":{"start":{"line":16,"column":0},"end":{"line":16,"column":16}},"16":{"start":{"line":17,"column":0},"end":{"line":17,"column":22}},"17":{"start":{"line":18,"column":0},"end":{"line":18,"column":0}},"18":{"start":{"line":19,"column":0},"end":{"line":19,"column":24}},"19":{"start":{"line":20,"column":0},"end":{"line":20,"column":27}},"20":{"start":{"line":21,"column":0},"end":{"line":21,"column":55}},"21":{"start":{"line":22,"column":0},"end":{"line":22,"column":69}},"22":{"start":{"line":23,"column":0},"end":{"line":23,"column":75}},"23":{"start":{"line":24,"column":0},"end":{"line":24,"column":0}},"24":{"start":{"line":25,"column":0},"end":{"line":25,"column":44}},"25":{"start":{"line":26,"column":0},"end":{"line":26,"column":17}},"26":{"start":{"line":27,"column":0},"end":{"line":27,"column":17}},"27":{"start":{"line":28,"column":0},"end":{"line":28,"column":25}},"28":{"start":{"line":29,"column":0},"end":{"line":29,"column":22}},"29":{"start":{"line":30,"column":0},"end":{"line":30,"column":2}},"30":{"start":{"line":31,"column":0},"end":{"line":31,"column":0}},"31":{"start":{"line":32,"column":0},"end":{"line":32,"column":44}},"32":{"start":{"line":33,"column":0},"end":{"line":33,"column":40}},"33":{"start":{"line":34,"column":0},"end":{"line":34,"column":52}},"34":{"start":{"line":35,"column":0},"end":{"line":35,"column":48}},"35":{"start":{"line":36,"column":0},"end":{"line":36,"column":32}},"36":{"start":{"line":37,"column":0},"end":{"line":37,"column":0}},"37":{"start":{"line":38,"column":0},"end":{"line":38,"column":103}},"38":{"start":{"line":39,"column":0},"end":{"line":39,"column":84}},"39":{"start":{"line":40,"column":0},"end":{"line":40,"column":34}},"40":{"start":{"line":41,"column":0},"end":{"line":41,"column":13}},"41":{"start":{"line":42,"column":0},"end":{"line":42,"column":21}},"42":{"start":{"line":43,"column":0},"end":{"line":43,"column":21}},"43":{"start":{"line":44,"column":0},"end":{"line":44,"column":8}},"44":{"start":{"line":45,"column":0},"end":{"line":45,"column":28}},"45":{"start":{"line":46,"column":0},"end":{"line":46,"column":6}},"46":{"start":{"line":47,"column":0},"end":{"line":47,"column":3}},"47":{"start":{"line":48,"column":0},"end":{"line":48,"column":0}},"48":{"start":{"line":49,"column":0},"end":{"line":49,"column":58}},"49":{"start":{"line":50,"column":0},"end":{"line":50,"column":36}},"50":{"start":{"line":51,"column":0},"end":{"line":51,"column":18}},"51":{"start":{"line":52,"column":0},"end":{"line":52,"column":76}},"52":{"start":{"line":53,"column":0},"end":{"line":53,"column":6}},"53":{"start":{"line":54,"column":0},"end":{"line":54,"column":3}},"54":{"start":{"line":55,"column":0},"end":{"line":55,"column":0}},"55":{"start":{"line":56,"column":0},"end":{"line":56,"column":26}},"56":{"start":{"line":57,"column":0},"end":{"line":57,"column":35}},"57":{"start":{"line":58,"column":0},"end":{"line":58,"column":55}},"58":{"start":{"line":59,"column":0},"end":{"line":59,"column":21}},"59":{"start":{"line":60,"column":0},"end":{"line":60,"column":3}},"60":{"start":{"line":61,"column":0},"end":{"line":61,"column":0}},"61":{"start":{"line":62,"column":0},"end":{"line":62,"column":29}},"62":{"start":{"line":63,"column":0},"end":{"line":63,"column":41}},"63":{"start":{"line":64,"column":0},"end":{"line":64,"column":53}},"64":{"start":{"line":65,"column":0},"end":{"line":65,"column":52}},"65":{"start":{"line":66,"column":0},"end":{"line":66,"column":22}},"66":{"start":{"line":67,"column":0},"end":{"line":67,"column":47}},"67":{"start":{"line":68,"column":0},"end":{"line":68,"column":12}},"68":{"start":{"line":69,"column":0},"end":{"line":69,"column":41}},"69":{"start":{"line":70,"column":0},"end":{"line":70,"column":50}},"70":{"start":{"line":71,"column":0},"end":{"line":71,"column":30}},"71":{"start":{"line":72,"column":0},"end":{"line":72,"column":16}},"72":{"start":{"line":73,"column":0},"end":{"line":73,"column":5}},"73":{"start":{"line":74,"column":0},"end":{"line":74,"column":3}},"74":{"start":{"line":75,"column":0},"end":{"line":75,"column":0}},"75":{"start":{"line":76,"column":0},"end":{"line":76,"column":38}},"76":{"start":{"line":77,"column":0},"end":{"line":77,"column":22}},"77":{"start":{"line":78,"column":0},"end":{"line":78,"column":3}},"78":{"start":{"line":79,"column":0},"end":{"line":79,"column":0}},"79":{"start":{"line":80,"column":0},"end":{"line":80,"column":38}},"80":{"start":{"line":81,"column":0},"end":{"line":81,"column":40}},"81":{"start":{"line":82,"column":0},"end":{"line":82,"column":18}},"82":{"start":{"line":83,"column":0},"end":{"line":83,"column":3}},"83":{"start":{"line":84,"column":0},"end":{"line":84,"column":0}},"84":{"start":{"line":85,"column":0},"end":{"line":85,"column":20}},"85":{"start":{"line":86,"column":0},"end":{"line":86,"column":38}},"86":{"start":{"line":87,"column":0},"end":{"line":87,"column":18}},"87":{"start":{"line":88,"column":0},"end":{"line":88,"column":3}},"88":{"start":{"line":89,"column":0},"end":{"line":89,"column":0}},"89":{"start":{"line":90,"column":0},"end":{"line":90,"column":50}},"90":{"start":{"line":91,"column":0},"end":{"line":91,"column":34}},"91":{"start":{"line":92,"column":0},"end":{"line":92,"column":27}},"92":{"start":{"line":93,"column":0},"end":{"line":93,"column":43}},"93":{"start":{"line":94,"column":0},"end":{"line":94,"column":6}},"94":{"start":{"line":95,"column":0},"end":{"line":95,"column":38}},"95":{"start":{"line":96,"column":0},"end":{"line":96,"column":22}},"96":{"start":{"line":97,"column":0},"end":{"line":97,"column":14}},"97":{"start":{"line":98,"column":0},"end":{"line":98,"column":30}},"98":{"start":{"line":99,"column":0},"end":{"line":99,"column":13}},"99":{"start":{"line":100,"column":0},"end":{"line":100,"column":6}},"100":{"start":{"line":101,"column":0},"end":{"line":101,"column":18}},"101":{"start":{"line":102,"column":0},"end":{"line":102,"column":3}},"102":{"start":{"line":103,"column":0},"end":{"line":103,"column":0}},"103":{"start":{"line":104,"column":0},"end":{"line":104,"column":13}},"104":{"start":{"line":105,"column":0},"end":{"line":105,"column":19}},"105":{"start":{"line":106,"column":0},"end":{"line":106,"column":62}},"106":{"start":{"line":107,"column":0},"end":{"line":107,"column":11}},"107":{"start":{"line":108,"column":0},"end":{"line":108,"column":38}},"108":{"start":{"line":109,"column":0},"end":{"line":109,"column":22}},"109":{"start":{"line":110,"column":0},"end":{"line":110,"column":13}},"110":{"start":{"line":111,"column":0},"end":{"line":111,"column":14}},"111":{"start":{"line":112,"column":0},"end":{"line":112,"column":12}},"112":{"start":{"line":113,"column":0},"end":{"line":113,"column":6}},"113":{"start":{"line":114,"column":0},"end":{"line":114,"column":18}},"114":{"start":{"line":115,"column":0},"end":{"line":115,"column":3}},"115":{"start":{"line":116,"column":0},"end":{"line":116,"column":0}},"116":{"start":{"line":117,"column":0},"end":{"line":117,"column":35}},"117":{"start":{"line":118,"column":0},"end":{"line":118,"column":38}},"118":{"start":{"line":119,"column":0},"end":{"line":119,"column":22}},"119":{"start":{"line":120,"column":0},"end":{"line":120,"column":13}},"120":{"start":{"line":121,"column":0},"end":{"line":121,"column":96}},"121":{"start":{"line":122,"column":0},"end":{"line":122,"column":12}},"122":{"start":{"line":123,"column":0},"end":{"line":123,"column":6}},"123":{"start":{"line":124,"column":0},"end":{"line":124,"column":18}},"124":{"start":{"line":125,"column":0},"end":{"line":125,"column":3}},"125":{"start":{"line":126,"column":0},"end":{"line":126,"column":0}},"126":{"start":{"line":127,"column":0},"end":{"line":127,"column":50}},"127":{"start":{"line":128,"column":0},"end":{"line":128,"column":38}},"128":{"start":{"line":129,"column":0},"end":{"line":129,"column":22}},"129":{"start":{"line":130,"column":0},"end":{"line":130,"column":13}},"130":{"start":{"line":131,"column":0},"end":{"line":131,"column":32}},"131":{"start":{"line":132,"column":0},"end":{"line":132,"column":12}},"132":{"start":{"line":133,"column":0},"end":{"line":133,"column":6}},"133":{"start":{"line":134,"column":0},"end":{"line":134,"column":18}},"134":{"start":{"line":135,"column":0},"end":{"line":135,"column":3}},"135":{"start":{"line":136,"column":0},"end":{"line":136,"column":0}},"136":{"start":{"line":137,"column":0},"end":{"line":137,"column":73}},"137":{"start":{"line":138,"column":0},"end":{"line":138,"column":74}},"138":{"start":{"line":139,"column":0},"end":{"line":139,"column":46}},"139":{"start":{"line":140,"column":0},"end":{"line":140,"column":0}},"140":{"start":{"line":141,"column":0},"end":{"line":141,"column":57}},"141":{"start":{"line":142,"column":0},"end":{"line":142,"column":55}},"142":{"start":{"line":143,"column":0},"end":{"line":143,"column":4}},"143":{"start":{"line":144,"column":0},"end":{"line":144,"column":73}},"144":{"start":{"line":145,"column":0},"end":{"line":145,"column":39}},"145":{"start":{"line":146,"column":0},"end":{"line":146,"column":14}},"146":{"start":{"line":147,"column":0},"end":{"line":147,"column":77}},"147":{"start":{"line":148,"column":0},"end":{"line":148,"column":14}},"148":{"start":{"line":149,"column":0},"end":{"line":149,"column":8}},"149":{"start":{"line":150,"column":0},"end":{"line":150,"column":28}},"150":{"start":{"line":151,"column":0},"end":{"line":151,"column":22}},"151":{"start":{"line":152,"column":0},"end":{"line":152,"column":5}},"152":{"start":{"line":153,"column":0},"end":{"line":153,"column":0}},"153":{"start":{"line":154,"column":0},"end":{"line":154,"column":38}},"154":{"start":{"line":155,"column":0},"end":{"line":155,"column":22}},"155":{"start":{"line":156,"column":0},"end":{"line":156,"column":13}},"156":{"start":{"line":157,"column":0},"end":{"line":157,"column":8}},"157":{"start":{"line":158,"column":0},"end":{"line":158,"column":14}},"158":{"start":{"line":159,"column":0},"end":{"line":159,"column":40}},"159":{"start":{"line":160,"column":0},"end":{"line":160,"column":65}},"160":{"start":{"line":161,"column":0},"end":{"line":161,"column":29}},"161":{"start":{"line":162,"column":0},"end":{"line":162,"column":27}},"162":{"start":{"line":163,"column":0},"end":{"line":163,"column":8}},"163":{"start":{"line":164,"column":0},"end":{"line":164,"column":12}},"164":{"start":{"line":165,"column":0},"end":{"line":165,"column":6}},"165":{"start":{"line":166,"column":0},"end":{"line":166,"column":18}},"166":{"start":{"line":167,"column":0},"end":{"line":167,"column":3}},"167":{"start":{"line":168,"column":0},"end":{"line":168,"column":0}},"168":{"start":{"line":169,"column":0},"end":{"line":169,"column":50}},"169":{"start":{"line":170,"column":0},"end":{"line":170,"column":74}},"170":{"start":{"line":171,"column":0},"end":{"line":171,"column":36}},"171":{"start":{"line":172,"column":0},"end":{"line":172,"column":0}},"172":{"start":{"line":173,"column":0},"end":{"line":173,"column":58}},"173":{"start":{"line":174,"column":0},"end":{"line":174,"column":31}},"174":{"start":{"line":175,"column":0},"end":{"line":175,"column":29}},"175":{"start":{"line":176,"column":0},"end":{"line":176,"column":13}},"176":{"start":{"line":177,"column":0},"end":{"line":177,"column":5}},"177":{"start":{"line":178,"column":0},"end":{"line":178,"column":0}},"178":{"start":{"line":179,"column":0},"end":{"line":179,"column":47}},"179":{"start":{"line":180,"column":0},"end":{"line":180,"column":40}},"180":{"start":{"line":181,"column":0},"end":{"line":181,"column":39}},"181":{"start":{"line":182,"column":0},"end":{"line":182,"column":5}},"182":{"start":{"line":183,"column":0},"end":{"line":183,"column":0}},"183":{"start":{"line":184,"column":0},"end":{"line":184,"column":38}},"184":{"start":{"line":185,"column":0},"end":{"line":185,"column":22}},"185":{"start":{"line":186,"column":0},"end":{"line":186,"column":13}},"186":{"start":{"line":187,"column":0},"end":{"line":187,"column":53}},"187":{"start":{"line":188,"column":0},"end":{"line":188,"column":12}},"188":{"start":{"line":189,"column":0},"end":{"line":189,"column":6}},"189":{"start":{"line":190,"column":0},"end":{"line":190,"column":18}},"190":{"start":{"line":191,"column":0},"end":{"line":191,"column":3}},"191":{"start":{"line":192,"column":0},"end":{"line":192,"column":0}},"192":{"start":{"line":193,"column":0},"end":{"line":193,"column":36}},"193":{"start":{"line":194,"column":0},"end":{"line":194,"column":81}},"194":{"start":{"line":195,"column":0},"end":{"line":195,"column":63}},"195":{"start":{"line":196,"column":0},"end":{"line":196,"column":18}},"196":{"start":{"line":197,"column":0},"end":{"line":197,"column":3}},"197":{"start":{"line":198,"column":0},"end":{"line":198,"column":0}},"198":{"start":{"line":199,"column":0},"end":{"line":199,"column":55}},"199":{"start":{"line":200,"column":0},"end":{"line":200,"column":82}},"200":{"start":{"line":201,"column":0},"end":{"line":201,"column":82}},"201":{"start":{"line":202,"column":0},"end":{"line":202,"column":103}},"202":{"start":{"line":203,"column":0},"end":{"line":203,"column":0}},"203":{"start":{"line":204,"column":0},"end":{"line":204,"column":41}},"204":{"start":{"line":205,"column":0},"end":{"line":205,"column":41}},"205":{"start":{"line":206,"column":0},"end":{"line":206,"column":36}},"206":{"start":{"line":207,"column":0},"end":{"line":207,"column":22}},"207":{"start":{"line":208,"column":0},"end":{"line":208,"column":15}},"208":{"start":{"line":209,"column":0},"end":{"line":209,"column":15}},"209":{"start":{"line":210,"column":0},"end":{"line":210,"column":17}},"210":{"start":{"line":211,"column":0},"end":{"line":211,"column":16}},"211":{"start":{"line":212,"column":0},"end":{"line":212,"column":6}},"212":{"start":{"line":213,"column":0},"end":{"line":213,"column":18}},"213":{"start":{"line":214,"column":0},"end":{"line":214,"column":3}},"214":{"start":{"line":215,"column":0},"end":{"line":215,"column":0}},"215":{"start":{"line":216,"column":0},"end":{"line":216,"column":53}},"216":{"start":{"line":217,"column":0},"end":{"line":217,"column":37}},"217":{"start":{"line":218,"column":0},"end":{"line":218,"column":22}},"218":{"start":{"line":219,"column":0},"end":{"line":219,"column":13}},"219":{"start":{"line":220,"column":0},"end":{"line":220,"column":16}},"220":{"start":{"line":221,"column":0},"end":{"line":221,"column":35}},"221":{"start":{"line":222,"column":0},"end":{"line":222,"column":6}},"222":{"start":{"line":223,"column":0},"end":{"line":223,"column":18}},"223":{"start":{"line":224,"column":0},"end":{"line":224,"column":3}},"224":{"start":{"line":225,"column":0},"end":{"line":225,"column":0}},"225":{"start":{"line":226,"column":0},"end":{"line":226,"column":102}},"226":{"start":{"line":227,"column":0},"end":{"line":227,"column":38}},"227":{"start":{"line":228,"column":0},"end":{"line":228,"column":36}},"228":{"start":{"line":229,"column":0},"end":{"line":229,"column":22}},"229":{"start":{"line":230,"column":0},"end":{"line":230,"column":15}},"230":{"start":{"line":231,"column":0},"end":{"line":231,"column":15}},"231":{"start":{"line":232,"column":0},"end":{"line":232,"column":16}},"232":{"start":{"line":233,"column":0},"end":{"line":233,"column":11}},"233":{"start":{"line":234,"column":0},"end":{"line":234,"column":35}},"234":{"start":{"line":235,"column":0},"end":{"line":235,"column":6}},"235":{"start":{"line":236,"column":0},"end":{"line":236,"column":18}},"236":{"start":{"line":237,"column":0},"end":{"line":237,"column":3}},"237":{"start":{"line":238,"column":0},"end":{"line":238,"column":1}}},"s":{"0":1,"1":1,"2":1,"3":1,"4":1,"5":1,"6":1,"7":1,"8":1,"9":1,"10":1,"11":1,"12":1,"13":1,"14":1,"15":1,"16":1,"17":1,"18":1,"19":1,"20":1,"21":1,"22":1,"23":1,"24":1,"25":1,"26":1,"27":1,"28":1,"29":1,"30":1,"31":1,"32":1,"33":26,"34":26,"35":26,"36":1,"37":1,"38":26,"39":26,"40":25,"41":25,"42":25,"43":25,"44":25,"45":25,"46":26,"47":1,"48":1,"49":1,"50":1,"51":0,"52":0,"53":1,"54":1,"55":1,"56":49,"57":49,"58":49,"59":49,"60":1,"61":1,"62":49,"63":3,"64":3,"65":49,"66":1,"67":3,"68":2,"69":1,"70":1,"71":2,"72":2,"73":49,"74":1,"75":1,"76":67,"77":67,"78":1,"79":1,"80":1,"81":1,"82":1,"83":1,"84":1,"85":1,"86":1,"87":1,"88":1,"89":1,"90":4,"91":4,"92":4,"93":4,"94":4,"95":4,"96":4,"97":4,"98":4,"99":4,"100":4,"101":4,"102":1,"103":1,"104":9,"105":9,"106":9,"107":9,"108":9,"109":9,"110":9,"111":9,"112":9,"113":9,"114":9,"115":1,"116":1,"117":2,"118":2,"119":2,"120":2,"121":2,"122":2,"123":2,"124":2,"125":1,"126":1,"127":1,"128":1,"129":1,"130":1,"131":1,"132":1,"133":1,"134":1,"135":1,"136":1,"137":7,"138":7,"139":7,"140":7,"141":7,"142":7,"143":7,"144":7,"145":1,"146":1,"147":1,"148":1,"149":7,"150":3,"151":3,"152":7,"153":7,"154":7,"155":7,"156":7,"157":7,"158":7,"159":7,"160":7,"161":7,"162":7,"163":7,"164":7,"165":7,"166":7,"167":1,"168":1,"169":2,"170":2,"171":2,"172":2,"173":2,"174":1,"175":1,"176":1,"177":1,"178":2,"179":2,"180":1,"181":1,"182":1,"183":1,"184":1,"185":1,"186":1,"187":1,"188":1,"189":1,"190":2,"191":1,"192":1,"193":3,"194":3,"195":3,"196":3,"197":1,"198":1,"199":1,"200":1,"201":1,"202":1,"203":1,"204":1,"205":1,"206":1,"207":1,"208":1,"209":1,"210":1,"211":1,"212":1,"213":1,"214":1,"215":1,"216":17,"217":17,"218":17,"219":17,"220":17,"221":17,"222":17,"223":17,"224":1,"225":1,"226":3,"227":2,"228":2,"229":2,"230":2,"231":2,"232":2,"233":2,"234":2,"235":2,"236":3,"237":1},"branchMap":{"0":{"type":"branch","line":33,"loc":{"start":{"line":33,"column":10},"end":{"line":36,"column":32}},"locations":[{"start":{"line":33,"column":10},"end":{"line":36,"column":32}}]},"1":{"type":"branch","line":38,"loc":{"start":{"line":38,"column":2},"end":{"line":47,"column":3}},"locations":[{"start":{"line":38,"column":2},"end":{"line":47,"column":3}}]},"2":{"type":"branch","line":40,"loc":{"start":{"line":40,"column":17},"end":{"line":46,"column":6}},"locations":[{"start":{"line":40,"column":17},"end":{"line":46,"column":6}}]},"3":{"type":"branch","line":49,"loc":{"start":{"line":49,"column":2},"end":{"line":54,"column":3}},"locations":[{"start":{"line":49,"column":2},"end":{"line":54,"column":3}}]},"4":{"type":"branch","line":56,"loc":{"start":{"line":56,"column":10},"end":{"line":60,"column":3}},"locations":[{"start":{"line":56,"column":10},"end":{"line":60,"column":3}}]},"5":{"type":"branch","line":58,"loc":{"start":{"line":58,"column":29},"end":{"line":58,"column":53}},"locations":[{"start":{"line":58,"column":29},"end":{"line":58,"column":53}}]},"6":{"type":"branch","line":62,"loc":{"start":{"line":62,"column":10},"end":{"line":74,"column":3}},"locations":[{"start":{"line":62,"column":10},"end":{"line":74,"column":3}}]},"7":{"type":"branch","line":63,"loc":{"start":{"line":63,"column":34},"end":{"line":63,"column":41}},"locations":[{"start":{"line":63,"column":34},"end":{"line":63,"column":41}}]},"8":{"type":"branch","line":63,"loc":{"start":{"line":63,"column":34},"end":{"line":65,"column":52}},"locations":[{"start":{"line":63,"column":34},"end":{"line":65,"column":52}}]},"9":{"type":"branch","line":64,"loc":{"start":{"line":64,"column":24},"end":{"line":64,"column":53}},"locations":[{"start":{"line":64,"column":24},"end":{"line":64,"column":53}}]},"10":{"type":"branch","line":65,"loc":{"start":{"line":65,"column":30},"end":{"line":65,"column":52}},"locations":[{"start":{"line":65,"column":30},"end":{"line":65,"column":52}}]},"11":{"type":"branch","line":66,"loc":{"start":{"line":66,"column":21},"end":{"line":73,"column":5}},"locations":[{"start":{"line":66,"column":21},"end":{"line":73,"column":5}}]},"12":{"type":"branch","line":66,"loc":{"start":{"line":66,"column":21},"end":{"line":68,"column":11}},"locations":[{"start":{"line":66,"column":21},"end":{"line":68,"column":11}}]},"13":{"type":"branch","line":68,"loc":{"start":{"line":68,"column":4},"end":{"line":73,"column":5}},"locations":[{"start":{"line":68,"column":4},"end":{"line":73,"column":5}}]},"14":{"type":"branch","line":69,"loc":{"start":{"line":69,"column":34},"end":{"line":72,"column":9}},"locations":[{"start":{"line":69,"column":34},"end":{"line":72,"column":9}}]},"15":{"type":"branch","line":76,"loc":{"start":{"line":76,"column":2},"end":{"line":78,"column":3}},"locations":[{"start":{"line":76,"column":2},"end":{"line":78,"column":3}}]},"16":{"type":"branch","line":80,"loc":{"start":{"line":80,"column":2},"end":{"line":83,"column":3}},"locations":[{"start":{"line":80,"column":2},"end":{"line":83,"column":3}}]},"17":{"type":"branch","line":85,"loc":{"start":{"line":85,"column":2},"end":{"line":88,"column":3}},"locations":[{"start":{"line":85,"column":2},"end":{"line":88,"column":3}}]},"18":{"type":"branch","line":90,"loc":{"start":{"line":90,"column":2},"end":{"line":102,"column":3}},"locations":[{"start":{"line":90,"column":2},"end":{"line":102,"column":3}}]},"19":{"type":"branch","line":104,"loc":{"start":{"line":104,"column":2},"end":{"line":115,"column":3}},"locations":[{"start":{"line":104,"column":2},"end":{"line":115,"column":3}}]},"20":{"type":"branch","line":117,"loc":{"start":{"line":117,"column":2},"end":{"line":125,"column":3}},"locations":[{"start":{"line":117,"column":2},"end":{"line":125,"column":3}}]},"21":{"type":"branch","line":127,"loc":{"start":{"line":127,"column":2},"end":{"line":135,"column":3}},"locations":[{"start":{"line":127,"column":2},"end":{"line":135,"column":3}}]},"22":{"type":"branch","line":137,"loc":{"start":{"line":137,"column":2},"end":{"line":167,"column":3}},"locations":[{"start":{"line":137,"column":2},"end":{"line":167,"column":3}}]},"23":{"type":"branch","line":139,"loc":{"start":{"line":139,"column":39},"end":{"line":139,"column":46}},"locations":[{"start":{"line":139,"column":39},"end":{"line":139,"column":46}}]},"24":{"type":"branch","line":142,"loc":{"start":{"line":142,"column":20},"end":{"line":142,"column":52}},"locations":[{"start":{"line":142,"column":20},"end":{"line":142,"column":52}}]},"25":{"type":"branch","line":142,"loc":{"start":{"line":142,"column":48},"end":{"line":142,"column":55}},"locations":[{"start":{"line":142,"column":48},"end":{"line":142,"column":55}}]},"26":{"type":"branch","line":145,"loc":{"start":{"line":145,"column":14},"end":{"line":145,"column":38}},"locations":[{"start":{"line":145,"column":14},"end":{"line":145,"column":38}}]},"27":{"type":"branch","line":145,"loc":{"start":{"line":145,"column":38},"end":{"line":150,"column":15}},"locations":[{"start":{"line":145,"column":38},"end":{"line":150,"column":15}}]},"28":{"type":"branch","line":150,"loc":{"start":{"line":150,"column":4},"end":{"line":152,"column":5}},"locations":[{"start":{"line":150,"column":4},"end":{"line":152,"column":5}}]},"29":{"type":"branch","line":150,"loc":{"start":{"line":150,"column":27},"end":{"line":152,"column":5}},"locations":[{"start":{"line":150,"column":27},"end":{"line":152,"column":5}}]},"30":{"type":"branch","line":169,"loc":{"start":{"line":169,"column":2},"end":{"line":191,"column":3}},"locations":[{"start":{"line":169,"column":2},"end":{"line":191,"column":3}}]},"31":{"type":"branch","line":171,"loc":{"start":{"line":171,"column":29},"end":{"line":171,"column":36}},"locations":[{"start":{"line":171,"column":29},"end":{"line":171,"column":36}}]},"32":{"type":"branch","line":174,"loc":{"start":{"line":174,"column":30},"end":{"line":179,"column":45}},"locations":[{"start":{"line":174,"column":30},"end":{"line":179,"column":45}}]},"33":{"type":"branch","line":179,"loc":{"start":{"line":179,"column":27},"end":{"line":179,"column":47}},"locations":[{"start":{"line":179,"column":27},"end":{"line":179,"column":47}}]},"34":{"type":"branch","line":180,"loc":{"start":{"line":180,"column":39},"end":{"line":190,"column":18}},"locations":[{"start":{"line":180,"column":39},"end":{"line":190,"column":18}}]},"35":{"type":"branch","line":173,"loc":{"start":{"line":173,"column":37},"end":{"line":173,"column":56}},"locations":[{"start":{"line":173,"column":37},"end":{"line":173,"column":56}}]},"36":{"type":"branch","line":193,"loc":{"start":{"line":193,"column":2},"end":{"line":197,"column":3}},"locations":[{"start":{"line":193,"column":2},"end":{"line":197,"column":3}}]},"37":{"type":"branch","line":194,"loc":{"start":{"line":194,"column":31},"end":{"line":194,"column":74}},"locations":[{"start":{"line":194,"column":31},"end":{"line":194,"column":74}}]},"38":{"type":"branch","line":194,"loc":{"start":{"line":194,"column":74},"end":{"line":194,"column":81}},"locations":[{"start":{"line":194,"column":74},"end":{"line":194,"column":81}}]},"39":{"type":"branch","line":199,"loc":{"start":{"line":199,"column":2},"end":{"line":214,"column":3}},"locations":[{"start":{"line":199,"column":2},"end":{"line":214,"column":3}}]},"40":{"type":"branch","line":202,"loc":{"start":{"line":202,"column":96},"end":{"line":202,"column":103}},"locations":[{"start":{"line":202,"column":96},"end":{"line":202,"column":103}}]},"41":{"type":"branch","line":216,"loc":{"start":{"line":216,"column":2},"end":{"line":224,"column":3}},"locations":[{"start":{"line":216,"column":2},"end":{"line":224,"column":3}}]},"42":{"type":"branch","line":226,"loc":{"start":{"line":226,"column":2},"end":{"line":237,"column":3}},"locations":[{"start":{"line":226,"column":2},"end":{"line":237,"column":3}}]},"43":{"type":"branch","line":227,"loc":{"start":{"line":227,"column":31},"end":{"line":227,"column":38}},"locations":[{"start":{"line":227,"column":31},"end":{"line":227,"column":38}}]},"44":{"type":"branch","line":227,"loc":{"start":{"line":227,"column":31},"end":{"line":236,"column":18}},"locations":[{"start":{"line":227,"column":31},"end":{"line":236,"column":18}}]}},"b":{"0":[26],"1":[26],"2":[25],"3":[1],"4":[49],"5":[1],"6":[49],"7":[46],"8":[3],"9":[1],"10":[0],"11":[3],"12":[1],"13":[2],"14":[1],"15":[67],"16":[1],"17":[1],"18":[4],"19":[9],"20":[2],"21":[1],"22":[7],"23":[0],"24":[3],"25":[4],"26":[4],"27":[1],"28":[6],"29":[3],"30":[2],"31":[0],"32":[1],"33":[0],"34":[1],"35":[4],"36":[3],"37":[0],"38":[0],"39":[1],"40":[0],"41":[17],"42":[3],"43":[1],"44":[2]},"fnMap":{"0":{"name":"<instance_members_initializer>","decl":{"start":{"line":33,"column":10},"end":{"line":36,"column":32}},"loc":{"start":{"line":33,"column":10},"end":{"line":36,"column":32}},"line":33},"1":{"name":"LayoutEngine","decl":{"start":{"line":38,"column":2},"end":{"line":47,"column":3}},"loc":{"start":{"line":38,"column":2},"end":{"line":47,"column":3}},"line":38},"2":{"name":"subscribe","decl":{"start":{"line":49,"column":2},"end":{"line":54,"column":3}},"loc":{"start":{"line":49,"column":2},"end":{"line":54,"column":3}},"line":49},"3":{"name":"notify","decl":{"start":{"line":56,"column":10},"end":{"line":60,"column":3}},"loc":{"start":{"line":56,"column":10},"end":{"line":60,"column":3}},"line":56},"4":{"name":"queueSave","decl":{"start":{"line":62,"column":10},"end":{"line":74,"column":3}},"loc":{"start":{"line":62,"column":10},"end":{"line":74,"column":3}},"line":62},"5":{"name":"getState","decl":{"start":{"line":76,"column":2},"end":{"line":78,"column":3}},"loc":{"start":{"line":76,"column":2},"end":{"line":78,"column":3}},"line":76},"6":{"name":"maximizeTile","decl":{"start":{"line":80,"column":2},"end":{"line":83,"column":3}},"loc":{"start":{"line":80,"column":2},"end":{"line":83,"column":3}},"line":80},"7":{"name":"minimize","decl":{"start":{"line":85,"column":2},"end":{"line":88,"column":3}},"loc":{"start":{"line":85,"column":2},"end":{"line":88,"column":3}},"line":85},"8":{"name":"setRatio","decl":{"start":{"line":90,"column":2},"end":{"line":102,"column":3}},"loc":{"start":{"line":90,"column":2},"end":{"line":102,"column":3}},"line":90},"9":{"name":"updateTile","decl":{"start":{"line":104,"column":2},"end":{"line":115,"column":3}},"loc":{"start":{"line":104,"column":2},"end":{"line":115,"column":3}},"line":104},"10":{"name":"resetTile","decl":{"start":{"line":117,"column":2},"end":{"line":125,"column":3}},"loc":{"start":{"line":117,"column":2},"end":{"line":125,"column":3}},"line":117},"11":{"name":"selectTab","decl":{"start":{"line":127,"column":2},"end":{"line":135,"column":3}},"loc":{"start":{"line":127,"column":2},"end":{"line":135,"column":3}},"line":127},"12":{"name":"addTab","decl":{"start":{"line":137,"column":2},"end":{"line":167,"column":3}},"loc":{"start":{"line":137,"column":2},"end":{"line":167,"column":3}},"line":137},"13":{"name":"removeTab","decl":{"start":{"line":169,"column":2},"end":{"line":191,"column":3}},"loc":{"start":{"line":169,"column":2},"end":{"line":191,"column":3}},"line":169},"14":{"name":"removeTile","decl":{"start":{"line":193,"column":2},"end":{"line":197,"column":3}},"loc":{"start":{"line":193,"column":2},"end":{"line":197,"column":3}},"line":193},"15":{"name":"swapTiles","decl":{"start":{"line":199,"column":2},"end":{"line":214,"column":3}},"loc":{"start":{"line":199,"column":2},"end":{"line":214,"column":3}},"line":199},"16":{"name":"split","decl":{"start":{"line":216,"column":2},"end":{"line":224,"column":3}},"loc":{"start":{"line":216,"column":2},"end":{"line":224,"column":3}},"line":216},"17":{"name":"moveTile","decl":{"start":{"line":226,"column":2},"end":{"line":237,"column":3}},"loc":{"start":{"line":226,"column":2},"end":{"line":237,"column":3}},"line":226}},"f":{"0":26,"1":26,"2":1,"3":49,"4":49,"5":67,"6":1,"7":1,"8":4,"9":9,"10":2,"11":1,"12":7,"13":2,"14":3,"15":1,"16":17,"17":3}}
,"/home/alex/dev/ug-layout/packages/core/src/tree-utils.ts": {"path":"/home/alex/dev/ug-layout/packages/core/src/tree-utils.ts","all":false,"statementMap":{"0":{"start":{"line":1,"column":0},"end":{"line":1,"column":36}},"1":{"start":{"line":2,"column":0},"end":{"line":2,"column":80}},"2":{"start":{"line":3,"column":0},"end":{"line":3,"column":56}},"3":{"start":{"line":4,"column":0},"end":{"line":4,"column":0}},"4":{"start":{"line":5,"column":0},"end":{"line":5,"column":30}},"5":{"start":{"line":6,"column":0},"end":{"line":6,"column":13}},"6":{"start":{"line":7,"column":0},"end":{"line":7,"column":17}},"7":{"start":{"line":8,"column":0},"end":{"line":8,"column":16}},"8":{"start":{"line":9,"column":0},"end":{"line":9,"column":15}},"9":{"start":{"line":10,"column":0},"end":{"line":10,"column":67}},"10":{"start":{"line":11,"column":0},"end":{"line":11,"column":2}},"11":{"start":{"line":12,"column":0},"end":{"line":12,"column":62}},"12":{"start":{"line":13,"column":0},"end":{"line":13,"column":0}},"13":{"start":{"line":14,"column":0},"end":{"line":14,"column":87}},"14":{"start":{"line":15,"column":0},"end":{"line":15,"column":90}},"15":{"start":{"line":16,"column":0},"end":{"line":16,"column":85}},"16":{"start":{"line":17,"column":0},"end":{"line":17,"column":88}},"17":{"start":{"line":18,"column":0},"end":{"line":18,"column":0}},"18":{"start":{"line":19,"column":0},"end":{"line":19,"column":26}},"19":{"start":{"line":20,"column":0},"end":{"line":20,"column":1}},"20":{"start":{"line":21,"column":0},"end":{"line":21,"column":0}},"21":{"start":{"line":22,"column":0},"end":{"line":22,"column":84}},"22":{"start":{"line":23,"column":0},"end":{"line":23,"column":34}},"23":{"start":{"line":24,"column":0},"end":{"line":24,"column":30}},"24":{"start":{"line":25,"column":0},"end":{"line":25,"column":76}},"25":{"start":{"line":26,"column":0},"end":{"line":26,"column":3}},"26":{"start":{"line":27,"column":0},"end":{"line":27,"column":14}},"27":{"start":{"line":28,"column":0},"end":{"line":28,"column":1}},"28":{"start":{"line":29,"column":0},"end":{"line":29,"column":0}},"29":{"start":{"line":30,"column":0},"end":{"line":30,"column":35}},"30":{"start":{"line":31,"column":0},"end":{"line":31,"column":22}},"31":{"start":{"line":32,"column":0},"end":{"line":32,"column":13}},"32":{"start":{"line":33,"column":0},"end":{"line":33,"column":15}},"33":{"start":{"line":34,"column":0},"end":{"line":34,"column":25}},"34":{"start":{"line":35,"column":0},"end":{"line":35,"column":18}},"35":{"start":{"line":36,"column":0},"end":{"line":36,"column":23}},"36":{"start":{"line":37,"column":0},"end":{"line":37,"column":64}},"37":{"start":{"line":38,"column":0},"end":{"line":38,"column":35}},"38":{"start":{"line":39,"column":0},"end":{"line":39,"column":3}},"39":{"start":{"line":40,"column":0},"end":{"line":40,"column":30}},"40":{"start":{"line":41,"column":0},"end":{"line":41,"column":12}},"41":{"start":{"line":42,"column":0},"end":{"line":42,"column":14}},"42":{"start":{"line":43,"column":0},"end":{"line":43,"column":17}},"43":{"start":{"line":44,"column":0},"end":{"line":44,"column":69}},"44":{"start":{"line":45,"column":0},"end":{"line":45,"column":69}},"45":{"start":{"line":46,"column":0},"end":{"line":46,"column":8}},"46":{"start":{"line":47,"column":0},"end":{"line":47,"column":6}},"47":{"start":{"line":48,"column":0},"end":{"line":48,"column":3}},"48":{"start":{"line":49,"column":0},"end":{"line":49,"column":14}},"49":{"start":{"line":50,"column":0},"end":{"line":50,"column":1}},"50":{"start":{"line":51,"column":0},"end":{"line":51,"column":0}},"51":{"start":{"line":52,"column":0},"end":{"line":52,"column":88}},"52":{"start":{"line":53,"column":0},"end":{"line":53,"column":40}},"53":{"start":{"line":54,"column":0},"end":{"line":54,"column":34}},"54":{"start":{"line":55,"column":0},"end":{"line":55,"column":34}},"55":{"start":{"line":56,"column":0},"end":{"line":56,"column":42}},"56":{"start":{"line":57,"column":0},"end":{"line":57,"column":42}},"57":{"start":{"line":58,"column":0},"end":{"line":58,"column":10}},"58":{"start":{"line":59,"column":0},"end":{"line":59,"column":12}},"59":{"start":{"line":60,"column":0},"end":{"line":60,"column":15}},"60":{"start":{"line":61,"column":0},"end":{"line":61,"column":38}},"61":{"start":{"line":62,"column":0},"end":{"line":62,"column":38}},"62":{"start":{"line":63,"column":0},"end":{"line":63,"column":6}},"63":{"start":{"line":64,"column":0},"end":{"line":64,"column":4}},"64":{"start":{"line":65,"column":0},"end":{"line":65,"column":1}},"65":{"start":{"line":66,"column":0},"end":{"line":66,"column":0}},"66":{"start":{"line":67,"column":0},"end":{"line":67,"column":34}},"67":{"start":{"line":68,"column":0},"end":{"line":68,"column":22}},"68":{"start":{"line":69,"column":0},"end":{"line":69,"column":17}},"69":{"start":{"line":70,"column":0},"end":{"line":70,"column":23}},"70":{"start":{"line":71,"column":0},"end":{"line":71,"column":22}},"71":{"start":{"line":72,"column":0},"end":{"line":72,"column":18}},"72":{"start":{"line":73,"column":0},"end":{"line":73,"column":29}},"73":{"start":{"line":74,"column":0},"end":{"line":74,"column":29}},"74":{"start":{"line":75,"column":0},"end":{"line":75,"column":14}},"75":{"start":{"line":76,"column":0},"end":{"line":76,"column":21}},"76":{"start":{"line":77,"column":0},"end":{"line":77,"column":22}},"77":{"start":{"line":78,"column":0},"end":{"line":78,"column":18}},"78":{"start":{"line":79,"column":0},"end":{"line":79,"column":28}},"79":{"start":{"line":80,"column":0},"end":{"line":80,"column":19}},"80":{"start":{"line":81,"column":0},"end":{"line":81,"column":11}},"81":{"start":{"line":82,"column":0},"end":{"line":82,"column":25}},"82":{"start":{"line":83,"column":0},"end":{"line":83,"column":25}},"83":{"start":{"line":84,"column":0},"end":{"line":84,"column":38}},"84":{"start":{"line":85,"column":0},"end":{"line":85,"column":71}},"85":{"start":{"line":86,"column":0},"end":{"line":86,"column":12}},"86":{"start":{"line":87,"column":0},"end":{"line":87,"column":41}},"87":{"start":{"line":88,"column":0},"end":{"line":88,"column":10}},"88":{"start":{"line":89,"column":0},"end":{"line":89,"column":25}},"89":{"start":{"line":90,"column":0},"end":{"line":90,"column":5}},"90":{"start":{"line":91,"column":0},"end":{"line":91,"column":16}},"91":{"start":{"line":92,"column":0},"end":{"line":92,"column":3}},"92":{"start":{"line":93,"column":0},"end":{"line":93,"column":10}},"93":{"start":{"line":94,"column":0},"end":{"line":94,"column":12}},"94":{"start":{"line":95,"column":0},"end":{"line":95,"column":15}},"95":{"start":{"line":96,"column":0},"end":{"line":96,"column":72}},"96":{"start":{"line":97,"column":0},"end":{"line":97,"column":72}},"97":{"start":{"line":98,"column":0},"end":{"line":98,"column":6}},"98":{"start":{"line":99,"column":0},"end":{"line":99,"column":4}},"99":{"start":{"line":100,"column":0},"end":{"line":100,"column":1}},"100":{"start":{"line":101,"column":0},"end":{"line":101,"column":0}},"101":{"start":{"line":102,"column":0},"end":{"line":102,"column":33}},"102":{"start":{"line":103,"column":0},"end":{"line":103,"column":22}},"103":{"start":{"line":104,"column":0},"end":{"line":104,"column":14}},"104":{"start":{"line":105,"column":0},"end":{"line":105,"column":14}},"105":{"start":{"line":106,"column":0},"end":{"line":106,"column":21}},"106":{"start":{"line":107,"column":0},"end":{"line":107,"column":20}},"107":{"start":{"line":108,"column":0},"end":{"line":108,"column":18}},"108":{"start":{"line":109,"column":0},"end":{"line":109,"column":43}},"109":{"start":{"line":110,"column":0},"end":{"line":110,"column":43}},"110":{"start":{"line":111,"column":0},"end":{"line":111,"column":30}},"111":{"start":{"line":112,"column":0},"end":{"line":112,"column":12}},"112":{"start":{"line":113,"column":0},"end":{"line":113,"column":14}},"113":{"start":{"line":114,"column":0},"end":{"line":114,"column":17}},"114":{"start":{"line":115,"column":0},"end":{"line":115,"column":64}},"115":{"start":{"line":116,"column":0},"end":{"line":116,"column":64}},"116":{"start":{"line":117,"column":0},"end":{"line":117,"column":8}},"117":{"start":{"line":118,"column":0},"end":{"line":118,"column":6}},"118":{"start":{"line":119,"column":0},"end":{"line":119,"column":3}},"119":{"start":{"line":120,"column":0},"end":{"line":120,"column":14}},"120":{"start":{"line":121,"column":0},"end":{"line":121,"column":1}},"121":{"start":{"line":122,"column":0},"end":{"line":122,"column":0}},"122":{"start":{"line":123,"column":0},"end":{"line":123,"column":33}},"123":{"start":{"line":124,"column":0},"end":{"line":124,"column":22}},"124":{"start":{"line":125,"column":0},"end":{"line":125,"column":19}},"125":{"start":{"line":126,"column":0},"end":{"line":126,"column":19}},"126":{"start":{"line":127,"column":0},"end":{"line":127,"column":23}},"127":{"start":{"line":128,"column":0},"end":{"line":128,"column":27}},"128":{"start":{"line":129,"column":0},"end":{"line":129,"column":22}},"129":{"start":{"line":130,"column":0},"end":{"line":130,"column":18}},"130":{"start":{"line":131,"column":0},"end":{"line":131,"column":61}},"131":{"start":{"line":132,"column":0},"end":{"line":132,"column":31}},"132":{"start":{"line":133,"column":0},"end":{"line":133,"column":0}},"133":{"start":{"line":134,"column":0},"end":{"line":134,"column":56}},"134":{"start":{"line":135,"column":0},"end":{"line":135,"column":48}},"135":{"start":{"line":136,"column":0},"end":{"line":136,"column":0}},"136":{"start":{"line":137,"column":0},"end":{"line":137,"column":70}},"137":{"start":{"line":138,"column":0},"end":{"line":138,"column":65}},"138":{"start":{"line":139,"column":0},"end":{"line":139,"column":31}},"139":{"start":{"line":140,"column":0},"end":{"line":140,"column":38}},"140":{"start":{"line":141,"column":0},"end":{"line":141,"column":21}},"141":{"start":{"line":142,"column":0},"end":{"line":142,"column":22}},"142":{"start":{"line":143,"column":0},"end":{"line":143,"column":18}},"143":{"start":{"line":144,"column":0},"end":{"line":144,"column":28}},"144":{"start":{"line":145,"column":0},"end":{"line":145,"column":36}},"145":{"start":{"line":146,"column":0},"end":{"line":146,"column":38}},"146":{"start":{"line":147,"column":0},"end":{"line":147,"column":37}},"147":{"start":{"line":148,"column":0},"end":{"line":148,"column":8}},"148":{"start":{"line":149,"column":0},"end":{"line":149,"column":21}},"149":{"start":{"line":150,"column":0},"end":{"line":150,"column":5}},"150":{"start":{"line":151,"column":0},"end":{"line":151,"column":0}},"151":{"start":{"line":152,"column":0},"end":{"line":152,"column":32}},"152":{"start":{"line":153,"column":0},"end":{"line":153,"column":14}},"153":{"start":{"line":154,"column":0},"end":{"line":154,"column":16}},"154":{"start":{"line":155,"column":0},"end":{"line":155,"column":19}},"155":{"start":{"line":156,"column":0},"end":{"line":156,"column":42}},"156":{"start":{"line":157,"column":0},"end":{"line":157,"column":42}},"157":{"start":{"line":158,"column":0},"end":{"line":158,"column":9}},"158":{"start":{"line":159,"column":0},"end":{"line":159,"column":8}},"159":{"start":{"line":160,"column":0},"end":{"line":160,"column":5}},"160":{"start":{"line":161,"column":0},"end":{"line":161,"column":0}},"161":{"start":{"line":162,"column":0},"end":{"line":162,"column":16}},"162":{"start":{"line":163,"column":0},"end":{"line":163,"column":4}},"163":{"start":{"line":164,"column":0},"end":{"line":164,"column":0}},"164":{"start":{"line":165,"column":0},"end":{"line":165,"column":32}},"165":{"start":{"line":166,"column":0},"end":{"line":166,"column":1}}},"s":{"0":1,"1":1,"2":1,"3":1,"4":1,"5":3,"6":3,"7":3,"8":3,"9":3,"10":3,"11":3,"12":3,"13":3,"14":3,"15":3,"16":3,"17":1,"18":1,"19":1,"20":1,"21":1,"22":18,"23":7,"24":4,"25":4,"26":1,"27":1,"28":1,"29":1,"30":32,"31":32,"32":32,"33":32,"34":32,"35":32,"36":24,"37":24,"38":24,"39":30,"40":4,"41":4,"42":4,"43":4,"44":4,"45":4,"46":4,"47":4,"48":4,"49":4,"50":1,"51":1,"52":7,"53":5,"54":5,"55":7,"56":7,"57":1,"58":1,"59":1,"60":1,"61":1,"62":1,"63":1,"64":1,"65":1,"66":1,"67":23,"68":23,"69":23,"70":23,"71":23,"72":23,"73":20,"74":17,"75":17,"76":17,"77":17,"78":17,"79":17,"80":17,"81":17,"82":17,"83":17,"84":17,"85":17,"86":17,"87":17,"88":17,"89":17,"90":3,"91":3,"92":3,"93":3,"94":3,"95":3,"96":3,"97":3,"98":3,"99":3,"100":1,"101":1,"102":3,"103":3,"104":3,"105":3,"106":3,"107":3,"108":3,"109":3,"110":1,"111":1,"112":1,"113":1,"114":1,"115":1,"116":1,"117":1,"118":1,"119":0,"120":0,"121":1,"122":1,"123":2,"124":2,"125":2,"126":2,"127":2,"128":2,"129":2,"130":2,"131":2,"132":2,"133":2,"134":2,"135":2,"136":2,"137":2,"138":4,"139":2,"140":2,"141":2,"142":2,"143":2,"144":2,"145":0,"146":2,"147":2,"148":2,"149":2,"150":2,"151":4,"152":1,"153":1,"154":1,"155":1,"156":1,"157":1,"158":1,"159":1,"160":1,"161":1,"162":4,"163":2,"164":2,"165":2},"branchMap":{"0":{"type":"branch","line":5,"loc":{"start":{"line":5,"column":7},"end":{"line":20,"column":1}},"locations":[{"start":{"line":5,"column":7},"end":{"line":20,"column":1}}]},"1":{"type":"branch","line":14,"loc":{"start":{"line":14,"column":21},"end":{"line":14,"column":87}},"locations":[{"start":{"line":14,"column":21},"end":{"line":14,"column":87}}]},"2":{"type":"branch","line":14,"loc":{"start":{"line":14,"column":85},"end":{"line":15,"column":32}},"locations":[{"start":{"line":14,"column":85},"end":{"line":15,"column":32}}]},"3":{"type":"branch","line":15,"loc":{"start":{"line":15,"column":25},"end":{"line":15,"column":90}},"locations":[{"start":{"line":15,"column":25},"end":{"line":15,"column":90}}]},"4":{"type":"branch","line":15,"loc":{"start":{"line":15,"column":88},"end":{"line":16,"column":28}},"locations":[{"start":{"line":15,"column":88},"end":{"line":16,"column":28}}]},"5":{"type":"branch","line":16,"loc":{"start":{"line":16,"column":21},"end":{"line":17,"column":32}},"locations":[{"start":{"line":16,"column":21},"end":{"line":17,"column":32}}]},"6":{"type":"branch","line":17,"loc":{"start":{"line":17,"column":25},"end":{"line":17,"column":88}},"locations":[{"start":{"line":17,"column":25},"end":{"line":17,"column":88}}]},"7":{"type":"branch","line":17,"loc":{"start":{"line":17,"column":86},"end":{"line":20,"column":1}},"locations":[{"start":{"line":17,"column":86},"end":{"line":20,"column":1}}]},"8":{"type":"branch","line":22,"loc":{"start":{"line":22,"column":7},"end":{"line":28,"column":1}},"locations":[{"start":{"line":22,"column":7},"end":{"line":28,"column":1}}]},"9":{"type":"branch","line":23,"loc":{"start":{"line":23,"column":22},"end":{"line":23,"column":34}},"locations":[{"start":{"line":23,"column":22},"end":{"line":23,"column":34}}]},"10":{"type":"branch","line":23,"loc":{"start":{"line":23,"column":29},"end":{"line":26,"column":3}},"locations":[{"start":{"line":23,"column":29},"end":{"line":26,"column":3}}]},"11":{"type":"branch","line":23,"loc":{"start":{"line":23,"column":29},"end":{"line":24,"column":29}},"locations":[{"start":{"line":23,"column":29},"end":{"line":24,"column":29}}]},"12":{"type":"branch","line":24,"loc":{"start":{"line":24,"column":29},"end":{"line":26,"column":3}},"locations":[{"start":{"line":24,"column":29},"end":{"line":26,"column":3}}]},"13":{"type":"branch","line":25,"loc":{"start":{"line":25,"column":40},"end":{"line":25,"column":76}},"locations":[{"start":{"line":25,"column":40},"end":{"line":25,"column":76}}]},"14":{"type":"branch","line":26,"loc":{"start":{"line":26,"column":2},"end":{"line":28,"column":1}},"locations":[{"start":{"line":26,"column":2},"end":{"line":28,"column":1}}]},"15":{"type":"branch","line":30,"loc":{"start":{"line":30,"column":7},"end":{"line":50,"column":1}},"locations":[{"start":{"line":30,"column":7},"end":{"line":50,"column":1}}]},"16":{"type":"branch","line":36,"loc":{"start":{"line":36,"column":22},"end":{"line":39,"column":3}},"locations":[{"start":{"line":36,"column":22},"end":{"line":39,"column":3}}]},"17":{"type":"branch","line":37,"loc":{"start":{"line":37,"column":52},"end":{"line":37,"column":64}},"locations":[{"start":{"line":37,"column":52},"end":{"line":37,"column":64}}]},"18":{"type":"branch","line":39,"loc":{"start":{"line":39,"column":2},"end":{"line":50,"column":1}},"locations":[{"start":{"line":39,"column":2},"end":{"line":50,"column":1}}]},"19":{"type":"branch","line":39,"loc":{"start":{"line":39,"column":2},"end":{"line":40,"column":29}},"locations":[{"start":{"line":39,"column":2},"end":{"line":40,"column":29}}]},"20":{"type":"branch","line":40,"loc":{"start":{"line":40,"column":29},"end":{"line":50,"column":1}},"locations":[{"start":{"line":40,"column":29},"end":{"line":50,"column":1}}]},"21":{"type":"branch","line":52,"loc":{"start":{"line":52,"column":7},"end":{"line":65,"column":1}},"locations":[{"start":{"line":52,"column":7},"end":{"line":65,"column":1}}]},"22":{"type":"branch","line":53,"loc":{"start":{"line":53,"column":28},"end":{"line":53,"column":40}},"locations":[{"start":{"line":53,"column":28},"end":{"line":53,"column":40}}]},"23":{"type":"branch","line":53,"loc":{"start":{"line":53,"column":35},"end":{"line":56,"column":35}},"locations":[{"start":{"line":53,"column":35},"end":{"line":56,"column":35}}]},"24":{"type":"branch","line":56,"loc":{"start":{"line":56,"column":28},"end":{"line":56,"column":42}},"locations":[{"start":{"line":56,"column":28},"end":{"line":56,"column":42}}]},"25":{"type":"branch","line":56,"loc":{"start":{"line":56,"column":35},"end":{"line":57,"column":35}},"locations":[{"start":{"line":56,"column":35},"end":{"line":57,"column":35}}]},"26":{"type":"branch","line":57,"loc":{"start":{"line":57,"column":28},"end":{"line":57,"column":42}},"locations":[{"start":{"line":57,"column":28},"end":{"line":57,"column":42}}]},"27":{"type":"branch","line":57,"loc":{"start":{"line":57,"column":35},"end":{"line":65,"column":1}},"locations":[{"start":{"line":57,"column":35},"end":{"line":65,"column":1}}]},"28":{"type":"branch","line":67,"loc":{"start":{"line":67,"column":7},"end":{"line":100,"column":1}},"locations":[{"start":{"line":67,"column":7},"end":{"line":100,"column":1}}]},"29":{"type":"branch","line":73,"loc":{"start":{"line":73,"column":28},"end":{"line":92,"column":3}},"locations":[{"start":{"line":73,"column":28},"end":{"line":92,"column":3}}]},"30":{"type":"branch","line":74,"loc":{"start":{"line":74,"column":28},"end":{"line":90,"column":5}},"locations":[{"start":{"line":74,"column":28},"end":{"line":90,"column":5}}]},"31":{"type":"branch","line":85,"loc":{"start":{"line":85,"column":27},"end":{"line":85,"column":61}},"locations":[{"start":{"line":85,"column":27},"end":{"line":85,"column":61}}]},"32":{"type":"branch","line":85,"loc":{"start":{"line":85,"column":57},"end":{"line":85,"column":71}},"locations":[{"start":{"line":85,"column":57},"end":{"line":85,"column":71}}]},"33":{"type":"branch","line":90,"loc":{"start":{"line":90,"column":4},"end":{"line":92,"column":3}},"locations":[{"start":{"line":90,"column":4},"end":{"line":92,"column":3}}]},"34":{"type":"branch","line":92,"loc":{"start":{"line":92,"column":2},"end":{"line":100,"column":1}},"locations":[{"start":{"line":92,"column":2},"end":{"line":100,"column":1}}]},"35":{"type":"branch","line":102,"loc":{"start":{"line":102,"column":7},"end":{"line":121,"column":1}},"locations":[{"start":{"line":102,"column":7},"end":{"line":121,"column":1}}]},"36":{"type":"branch","line":109,"loc":{"start":{"line":109,"column":23},"end":{"line":109,"column":43}},"locations":[{"start":{"line":109,"column":23},"end":{"line":109,"column":43}}]},"37":{"type":"branch","line":109,"loc":{"start":{"line":109,"column":41},"end":{"line":110,"column":30}},"locations":[{"start":{"line":109,"column":41},"end":{"line":110,"column":30}}]},"38":{"type":"branch","line":110,"loc":{"start":{"line":110,"column":23},"end":{"line":119,"column":3}},"locations":[{"start":{"line":110,"column":23},"end":{"line":119,"column":3}}]},"39":{"type":"branch","line":119,"loc":{"start":{"line":119,"column":2},"end":{"line":121,"column":1}},"locations":[{"start":{"line":119,"column":2},"end":{"line":121,"column":1}}]},"40":{"type":"branch","line":123,"loc":{"start":{"line":123,"column":7},"end":{"line":166,"column":1}},"locations":[{"start":{"line":123,"column":7},"end":{"line":166,"column":1}}]},"41":{"type":"branch","line":132,"loc":{"start":{"line":132,"column":19},"end":{"line":132,"column":31}},"locations":[{"start":{"line":132,"column":19},"end":{"line":132,"column":31}}]},"42":{"type":"branch","line":138,"loc":{"start":{"line":138,"column":24},"end":{"line":163,"column":4}},"locations":[{"start":{"line":138,"column":24},"end":{"line":163,"column":4}}]},"43":{"type":"branch","line":139,"loc":{"start":{"line":139,"column":30},"end":{"line":152,"column":31}},"locations":[{"start":{"line":139,"column":30},"end":{"line":152,"column":31}}]},"44":{"type":"branch","line":145,"loc":{"start":{"line":145,"column":27},"end":{"line":146,"column":38}},"locations":[{"start":{"line":145,"column":27},"end":{"line":146,"column":38}}]},"45":{"type":"branch","line":152,"loc":{"start":{"line":152,"column":31},"end":{"line":162,"column":16}},"locations":[{"start":{"line":152,"column":31},"end":{"line":162,"column":16}}]}},"b":{"0":[3],"1":[1],"2":[2],"3":[0],"4":[2],"5":[1],"6":[0],"7":[1],"8":[18],"9":[13],"10":[7],"11":[5],"12":[4],"13":[1],"14":[1],"15":[32],"16":[24],"17":[0],"18":[30],"19":[8],"20":[4],"21":[7],"22":[2],"23":[5],"24":[4],"25":[1],"26":[0],"27":[1],"28":[23],"29":[20],"30":[17],"31":[1],"32":[16],"33":[3],"34":[3],"35":[3],"36":[1],"37":[2],"38":[1],"39":[0],"40":[2],"41":[0],"42":[4],"43":[2],"44":[0],"45":[1]},"fnMap":{"0":{"name":"getDropAction","decl":{"start":{"line":5,"column":7},"end":{"line":20,"column":1}},"loc":{"start":{"line":5,"column":7},"end":{"line":20,"column":1}},"line":5},"1":{"name":"findNode","decl":{"start":{"line":22,"column":7},"end":{"line":28,"column":1}},"loc":{"start":{"line":22,"column":7},"end":{"line":28,"column":1}},"line":22},"2":{"name":"recursiveUpdate","decl":{"start":{"line":30,"column":7},"end":{"line":50,"column":1}},"loc":{"start":{"line":30,"column":7},"end":{"line":50,"column":1}},"line":30},"3":{"name":"recursiveRemove","decl":{"start":{"line":52,"column":7},"end":{"line":65,"column":1}},"loc":{"start":{"line":52,"column":7},"end":{"line":65,"column":1}},"line":52},"4":{"name":"recursiveSplit","decl":{"start":{"line":67,"column":7},"end":{"line":100,"column":1}},"loc":{"start":{"line":67,"column":7},"end":{"line":100,"column":1}},"line":67},"5":{"name":"recursiveSwap","decl":{"start":{"line":102,"column":7},"end":{"line":121,"column":1}},"loc":{"start":{"line":102,"column":7},"end":{"line":121,"column":1}},"line":102},"6":{"name":"recursiveMove","decl":{"start":{"line":123,"column":7},"end":{"line":166,"column":1}},"loc":{"start":{"line":123,"column":7},"end":{"line":166,"column":1}},"line":123},"7":{"name":"insertInSplit","decl":{"start":{"line":138,"column":24},"end":{"line":163,"column":4}},"loc":{"start":{"line":138,"column":24},"end":{"line":163,"column":4}},"line":138}},"f":{"0":3,"1":18,"2":32,"3":7,"4":23,"5":3,"6":2,"7":4}}
,"/home/alex/dev/ug-layout/packages/core/src/types.ts": {"path":"/home/alex/dev/ug-layout/packages/core/src/types.ts","all":false,"statementMap":{"0":{"start":{"line":1,"column":0},"end":{"line":1,"column":50}},"1":{"start":{"line":2,"column":0},"end":{"line":2,"column":40}},"2":{"start":{"line":3,"column":0},"end":{"line":3,"column":0}},"3":{"start":{"line":4,"column":0},"end":{"line":4,"column":27}},"4":{"start":{"line":5,"column":0},"end":{"line":5,"column":13}},"5":{"start":{"line":6,"column":0},"end":{"line":6,"column":17}},"6":{"start":{"line":7,"column":0},"end":{"line":7,"column":1}},"7":{"start":{"line":8,"column":0},"end":{"line":8,"column":0}},"8":{"start":{"line":9,"column":0},"end":{"line":9,"column":43}},"9":{"start":{"line":10,"column":0},"end":{"line":10,"column":13}},"10":{"start":{"line":11,"column":0},"end":{"line":11,"column":20}},"11":{"start":{"line":12,"column":0},"end":{"line":12,"column":23}},"12":{"start":{"line":13,"column":0},"end":{"line":13,"column":1}},"13":{"start":{"line":14,"column":0},"end":{"line":14,"column":0}},"14":{"start":{"line":15,"column":0},"end":{"line":15,"column":61}},"15":{"start":{"line":16,"column":0},"end":{"line":16,"column":15}},"16":{"start":{"line":17,"column":0},"end":{"line":17,"column":43}},"17":{"start":{"line":18,"column":0},"end":{"line":18,"column":45}},"18":{"start":{"line":19,"column":0},"end":{"line":19,"column":30}},"19":{"start":{"line":20,"column":0},"end":{"line":20,"column":26}},"20":{"start":{"line":21,"column":0},"end":{"line":21,"column":1}},"21":{"start":{"line":22,"column":0},"end":{"line":22,"column":0}},"22":{"start":{"line":23,"column":0},"end":{"line":23,"column":62}},"23":{"start":{"line":24,"column":0},"end":{"line":24,"column":16}},"24":{"start":{"line":25,"column":0},"end":{"line":25,"column":23}},"25":{"start":{"line":26,"column":0},"end":{"line":26,"column":16}},"26":{"start":{"line":27,"column":0},"end":{"line":27,"column":59}},"27":{"start":{"line":28,"column":0},"end":{"line":28,"column":1}},"28":{"start":{"line":29,"column":0},"end":{"line":29,"column":0}},"29":{"start":{"line":30,"column":0},"end":{"line":30,"column":85}},"30":{"start":{"line":31,"column":0},"end":{"line":31,"column":0}},"31":{"start":{"line":32,"column":0},"end":{"line":32,"column":47}},"32":{"start":{"line":33,"column":0},"end":{"line":33,"column":30}},"33":{"start":{"line":34,"column":0},"end":{"line":34,"column":33}},"34":{"start":{"line":35,"column":0},"end":{"line":35,"column":1}},"35":{"start":{"line":36,"column":0},"end":{"line":36,"column":0}},"36":{"start":{"line":37,"column":0},"end":{"line":37,"column":54}},"37":{"start":{"line":38,"column":0},"end":{"line":38,"column":19}},"38":{"start":{"line":39,"column":0},"end":{"line":39,"column":19}},"39":{"start":{"line":40,"column":0},"end":{"line":40,"column":28}},"40":{"start":{"line":41,"column":0},"end":{"line":41,"column":46}},"41":{"start":{"line":42,"column":0},"end":{"line":42,"column":26}},"42":{"start":{"line":43,"column":0},"end":{"line":43,"column":1}},"43":{"start":{"line":44,"column":0},"end":{"line":44,"column":0}},"44":{"start":{"line":45,"column":0},"end":{"line":45,"column":54}},"45":{"start":{"line":46,"column":0},"end":{"line":46,"column":53}},"46":{"start":{"line":47,"column":0},"end":{"line":47,"column":49}},"47":{"start":{"line":48,"column":0},"end":{"line":48,"column":1}},"48":{"start":{"line":49,"column":0},"end":{"line":49,"column":0}},"49":{"start":{"line":50,"column":0},"end":{"line":50,"column":82}},"50":{"start":{"line":51,"column":0},"end":{"line":51,"column":0}},"51":{"start":{"line":52,"column":0},"end":{"line":52,"column":25}},"52":{"start":{"line":53,"column":0},"end":{"line":53,"column":20}},"53":{"start":{"line":54,"column":0},"end":{"line":54,"column":70}}},"s":{"0":1,"1":1,"2":1,"3":1,"4":1,"5":1,"6":1,"7":1,"8":1,"9":1,"10":1,"11":1,"12":1,"13":1,"14":1,"15":1,"16":1,"17":1,"18":1,"19":1,"20":1,"21":1,"22":1,"23":1,"24":1,"25":1,"26":1,"27":1,"28":1,"29":1,"30":1,"31":1,"32":1,"33":1,"34":1,"35":1,"36":1,"37":1,"38":1,"39":1,"40":1,"41":1,"42":1,"43":1,"44":1,"45":1,"46":1,"47":1,"48":1,"49":1,"50":1,"51":1,"52":1,"53":1},"branchMap":{},"b":{},"fnMap":{},"f":{}}
,"/home/alex/dev/ug-layout/packages/core/src/adapters/HttpPersistenceAdapter.ts": {"path":"/home/alex/dev/ug-layout/packages/core/src/adapters/HttpPersistenceAdapter.ts","all":false,"statementMap":{"0":{"start":{"line":1,"column":0},"end":{"line":1,"column":59}},"1":{"start":{"line":2,"column":0},"end":{"line":2,"column":0}},"2":{"start":{"line":3,"column":0},"end":{"line":3,"column":67}},"3":{"start":{"line":4,"column":0},"end":{"line":4,"column":72}},"4":{"start":{"line":5,"column":0},"end":{"line":5,"column":0}},"5":{"start":{"line":6,"column":0},"end":{"line":6,"column":49}},"6":{"start":{"line":7,"column":0},"end":{"line":7,"column":44}},"7":{"start":{"line":8,"column":0},"end":{"line":8,"column":22}},"8":{"start":{"line":9,"column":0},"end":{"line":9,"column":21}},"9":{"start":{"line":10,"column":0},"end":{"line":10,"column":16}},"10":{"start":{"line":11,"column":0},"end":{"line":11,"column":43}},"11":{"start":{"line":12,"column":0},"end":{"line":12,"column":40}},"12":{"start":{"line":13,"column":0},"end":{"line":13,"column":8}},"13":{"start":{"line":14,"column":0},"end":{"line":14,"column":34}},"14":{"start":{"line":15,"column":0},"end":{"line":15,"column":7}},"15":{"start":{"line":16,"column":0},"end":{"line":16,"column":0}},"16":{"start":{"line":17,"column":0},"end":{"line":17,"column":23}},"17":{"start":{"line":18,"column":0},"end":{"line":18,"column":71}},"18":{"start":{"line":19,"column":0},"end":{"line":19,"column":5}},"19":{"start":{"line":20,"column":0},"end":{"line":20,"column":3}},"20":{"start":{"line":21,"column":0},"end":{"line":21,"column":0}},"21":{"start":{"line":22,"column":0},"end":{"line":22,"column":45}},"22":{"start":{"line":23,"column":0},"end":{"line":23,"column":44}},"23":{"start":{"line":24,"column":0},"end":{"line":24,"column":22}},"24":{"start":{"line":25,"column":0},"end":{"line":25,"column":20}},"25":{"start":{"line":26,"column":0},"end":{"line":26,"column":16}},"26":{"start":{"line":27,"column":0},"end":{"line":27,"column":37}},"27":{"start":{"line":28,"column":0},"end":{"line":28,"column":40}},"28":{"start":{"line":29,"column":0},"end":{"line":29,"column":8}},"29":{"start":{"line":30,"column":0},"end":{"line":30,"column":7}},"30":{"start":{"line":31,"column":0},"end":{"line":31,"column":0}},"31":{"start":{"line":32,"column":0},"end":{"line":32,"column":45}},"32":{"start":{"line":33,"column":0},"end":{"line":33,"column":0}},"33":{"start":{"line":34,"column":0},"end":{"line":34,"column":23}},"34":{"start":{"line":35,"column":0},"end":{"line":35,"column":71}},"35":{"start":{"line":36,"column":0},"end":{"line":36,"column":5}},"36":{"start":{"line":37,"column":0},"end":{"line":37,"column":0}},"37":{"start":{"line":38,"column":0},"end":{"line":38,"column":27}},"38":{"start":{"line":39,"column":0},"end":{"line":39,"column":3}},"39":{"start":{"line":40,"column":0},"end":{"line":40,"column":1}}},"s":{"0":1,"1":1,"2":1,"3":1,"4":1,"5":1,"6":3,"7":3,"8":3,"9":3,"10":3,"11":3,"12":3,"13":3,"14":3,"15":3,"16":3,"17":1,"18":1,"19":3,"20":1,"21":1,"22":2,"23":2,"24":2,"25":2,"26":2,"27":2,"28":2,"29":2,"30":2,"31":2,"32":1,"33":2,"34":0,"35":0,"36":1,"37":1,"38":2,"39":1},"branchMap":{"0":{"type":"branch","line":4,"loc":{"start":{"line":4,"column":2},"end":{"line":4,"column":72}},"locations":[{"start":{"line":4,"column":2},"end":{"line":4,"column":72}}]},"1":{"type":"branch","line":6,"loc":{"start":{"line":6,"column":2},"end":{"line":20,"column":3}},"locations":[{"start":{"line":6,"column":2},"end":{"line":20,"column":3}}]},"2":{"type":"branch","line":17,"loc":{"start":{"line":17,"column":22},"end":{"line":19,"column":5}},"locations":[{"start":{"line":17,"column":22},"end":{"line":19,"column":5}}]},"3":{"type":"branch","line":22,"loc":{"start":{"line":22,"column":2},"end":{"line":39,"column":3}},"locations":[{"start":{"line":22,"column":2},"end":{"line":39,"column":3}}]},"4":{"type":"branch","line":32,"loc":{"start":{"line":32,"column":33},"end":{"line":34,"column":22}},"locations":[{"start":{"line":32,"column":33},"end":{"line":34,"column":22}}]},"5":{"type":"branch","line":34,"loc":{"start":{"line":34,"column":22},"end":{"line":36,"column":5}},"locations":[{"start":{"line":34,"column":22},"end":{"line":36,"column":5}}]},"6":{"type":"branch","line":36,"loc":{"start":{"line":36,"column":4},"end":{"line":38,"column":27}},"locations":[{"start":{"line":36,"column":4},"end":{"line":38,"column":27}}]}},"b":{"0":[5],"1":[3],"2":[1],"3":[2],"4":[1],"5":[0],"6":[1]},"fnMap":{"0":{"name":"HttpPersistenceAdapter","decl":{"start":{"line":4,"column":2},"end":{"line":4,"column":72}},"loc":{"start":{"line":4,"column":2},"end":{"line":4,"column":72}},"line":4},"1":{"name":"save","decl":{"start":{"line":6,"column":2},"end":{"line":20,"column":3}},"loc":{"start":{"line":6,"column":2},"end":{"line":20,"column":3}},"line":6},"2":{"name":"load","decl":{"start":{"line":22,"column":2},"end":{"line":39,"column":3}},"loc":{"start":{"line":22,"column":2},"end":{"line":39,"column":3}},"line":22}},"f":{"0":5,"1":3,"2":2}}
,"/home/alex/dev/ug-layout/packages/core/src/adapters/LocalStorageAdapter.ts": {"path":"/home/alex/dev/ug-layout/packages/core/src/adapters/LocalStorageAdapter.ts","all":false,"statementMap":{"0":{"start":{"line":1,"column":0},"end":{"line":1,"column":59}},"1":{"start":{"line":2,"column":0},"end":{"line":2,"column":0}},"2":{"start":{"line":3,"column":0},"end":{"line":3,"column":64}},"3":{"start":{"line":4,"column":0},"end":{"line":4,"column":22}},"4":{"start":{"line":5,"column":0},"end":{"line":5,"column":0}},"5":{"start":{"line":6,"column":0},"end":{"line":6,"column":28}},"6":{"start":{"line":7,"column":0},"end":{"line":7,"column":34}},"7":{"start":{"line":8,"column":0},"end":{"line":8,"column":3}},"8":{"start":{"line":9,"column":0},"end":{"line":9,"column":0}},"9":{"start":{"line":10,"column":0},"end":{"line":10,"column":49}},"10":{"start":{"line":11,"column":0},"end":{"line":11,"column":9}},"11":{"start":{"line":12,"column":0},"end":{"line":12,"column":60}},"12":{"start":{"line":13,"column":0},"end":{"line":13,"column":17}},"13":{"start":{"line":14,"column":0},"end":{"line":14,"column":64}},"14":{"start":{"line":15,"column":0},"end":{"line":15,"column":5}},"15":{"start":{"line":16,"column":0},"end":{"line":16,"column":3}},"16":{"start":{"line":17,"column":0},"end":{"line":17,"column":0}},"17":{"start":{"line":18,"column":0},"end":{"line":18,"column":45}},"18":{"start":{"line":19,"column":0},"end":{"line":19,"column":9}},"19":{"start":{"line":20,"column":0},"end":{"line":20,"column":50}},"20":{"start":{"line":21,"column":0},"end":{"line":21,"column":44}},"21":{"start":{"line":22,"column":0},"end":{"line":22,"column":17}},"22":{"start":{"line":23,"column":0},"end":{"line":23,"column":66}},"23":{"start":{"line":24,"column":0},"end":{"line":24,"column":18}},"24":{"start":{"line":25,"column":0},"end":{"line":25,"column":5}},"25":{"start":{"line":26,"column":0},"end":{"line":26,"column":3}},"26":{"start":{"line":27,"column":0},"end":{"line":27,"column":1}}},"s":{"0":1,"1":1,"2":1,"3":1,"4":1,"5":1,"6":4,"7":4,"8":1,"9":1,"10":1,"11":1,"12":1,"13":0,"14":0,"15":1,"16":1,"17":1,"18":3,"19":3,"20":3,"21":3,"22":1,"23":1,"24":1,"25":3,"26":1},"branchMap":{"0":{"type":"branch","line":4,"loc":{"start":{"line":4,"column":10},"end":{"line":4,"column":22}},"locations":[{"start":{"line":4,"column":10},"end":{"line":4,"column":22}}]},"1":{"type":"branch","line":6,"loc":{"start":{"line":6,"column":2},"end":{"line":8,"column":3}},"locations":[{"start":{"line":6,"column":2},"end":{"line":8,"column":3}}]},"2":{"type":"branch","line":10,"loc":{"start":{"line":10,"column":2},"end":{"line":16,"column":3}},"locations":[{"start":{"line":10,"column":2},"end":{"line":16,"column":3}}]},"3":{"type":"branch","line":13,"loc":{"start":{"line":13,"column":4},"end":{"line":15,"column":5}},"locations":[{"start":{"line":13,"column":4},"end":{"line":15,"column":5}}]},"4":{"type":"branch","line":18,"loc":{"start":{"line":18,"column":2},"end":{"line":26,"column":3}},"locations":[{"start":{"line":18,"column":2},"end":{"line":26,"column":3}}]},"5":{"type":"branch","line":21,"loc":{"start":{"line":21,"column":13},"end":{"line":21,"column":39}},"locations":[{"start":{"line":21,"column":13},"end":{"line":21,"column":39}}]},"6":{"type":"branch","line":21,"loc":{"start":{"line":21,"column":35},"end":{"line":21,"column":44}},"locations":[{"start":{"line":21,"column":35},"end":{"line":21,"column":44}}]},"7":{"type":"branch","line":22,"loc":{"start":{"line":22,"column":4},"end":{"line":25,"column":5}},"locations":[{"start":{"line":22,"column":4},"end":{"line":25,"column":5}}]}},"b":{"0":[4],"1":[4],"2":[1],"3":[0],"4":[3],"5":[2],"6":[1],"7":[1]},"fnMap":{"0":{"name":"<instance_members_initializer>","decl":{"start":{"line":4,"column":10},"end":{"line":4,"column":22}},"loc":{"start":{"line":4,"column":10},"end":{"line":4,"column":22}},"line":4},"1":{"name":"LocalStorageAdapter","decl":{"start":{"line":6,"column":2},"end":{"line":8,"column":3}},"loc":{"start":{"line":6,"column":2},"end":{"line":8,"column":3}},"line":6},"2":{"name":"save","decl":{"start":{"line":10,"column":2},"end":{"line":16,"column":3}},"loc":{"start":{"line":10,"column":2},"end":{"line":16,"column":3}},"line":10},"3":{"name":"load","decl":{"start":{"line":18,"column":2},"end":{"line":26,"column":3}},"loc":{"start":{"line":18,"column":2},"end":{"line":26,"column":3}},"line":18}},"f":{"0":4,"1":4,"2":1,"3":3}}
}
