{"/home/alex/dev/ug-layout/packages/react/src/context.tsx": {"path":"/home/alex/dev/ug-layout/packages/react/src/context.tsx","all":false,"statementMap":{"0":{"start":{"line":1,"column":0},"end":{"line":1,"column":98}},"1":{"start":{"line":2,"column":0},"end":{"line":2,"column":82}},"2":{"start":{"line":3,"column":0},"end":{"line":3,"column":0}},"3":{"start":{"line":4,"column":0},"end":{"line":4,"column":54}},"4":{"start":{"line":5,"column":0},"end":{"line":5,"column":28}},"5":{"start":{"line":6,"column":0},"end":{"line":6,"column":17}},"6":{"start":{"line":7,"column":0},"end":{"line":7,"column":1}},"7":{"start":{"line":8,"column":0},"end":{"line":8,"column":0}},"8":{"start":{"line":9,"column":0},"end":{"line":9,"column":116}},"9":{"start":{"line":10,"column":0},"end":{"line":10,"column":0}},"10":{"start":{"line":11,"column":0},"end":{"line":11,"column":28}},"11":{"start":{"line":12,"column":0},"end":{"line":12,"column":13}},"12":{"start":{"line":13,"column":0},"end":{"line":13,"column":18}},"13":{"start":{"line":14,"column":0},"end":{"line":14,"column":18}},"14":{"start":{"line":15,"column":0},"end":{"line":15,"column":32}},"15":{"start":{"line":16,"column":0},"end":{"line":16,"column":26}},"16":{"start":{"line":17,"column":0},"end":{"line":17,"column":1}},"17":{"start":{"line":18,"column":0},"end":{"line":18,"column":0}},"18":{"start":{"line":19,"column":0},"end":{"line":19,"column":31}},"19":{"start":{"line":20,"column":0},"end":{"line":20,"column":11}},"20":{"start":{"line":21,"column":0},"end":{"line":21,"column":29}},"21":{"start":{"line":22,"column":0},"end":{"line":22,"column":29}},"22":{"start":{"line":23,"column":0},"end":{"line":23,"column":29}},"23":{"start":{"line":24,"column":0},"end":{"line":24,"column":31}},"24":{"start":{"line":25,"column":0},"end":{"line":25,"column":28}},"25":{"start":{"line":26,"column":0},"end":{"line":26,"column":26}},"26":{"start":{"line":27,"column":0},"end":{"line":27,"column":4}},"27":{"start":{"line":28,"column":0},"end":{"line":28,"column":1}},"28":{"start":{"line":29,"column":0},"end":{"line":29,"column":0}},"29":{"start":{"line":30,"column":0},"end":{"line":30,"column":54}},"30":{"start":{"line":31,"column":0},"end":{"line":31,"column":34}},"31":{"start":{"line":32,"column":0},"end":{"line":32,"column":32}},"32":{"start":{"line":33,"column":0},"end":{"line":33,"column":42}},"33":{"start":{"line":34,"column":0},"end":{"line":34,"column":24}},"34":{"start":{"line":35,"column":0},"end":{"line":35,"column":30}},"35":{"start":{"line":36,"column":0},"end":{"line":36,"column":50}},"36":{"start":{"line":37,"column":0},"end":{"line":37,"column":1}},"37":{"start":{"line":38,"column":0},"end":{"line":38,"column":0}},"38":{"start":{"line":39,"column":0},"end":{"line":39,"column":74}},"39":{"start":{"line":40,"column":0},"end":{"line":40,"column":0}},"40":{"start":{"line":41,"column":0},"end":{"line":41,"column":55}},"41":{"start":{"line":42,"column":0},"end":{"line":42,"column":34}},"42":{"start":{"line":43,"column":0},"end":{"line":43,"column":42}},"43":{"start":{"line":44,"column":0},"end":{"line":44,"column":24}},"44":{"start":{"line":45,"column":0},"end":{"line":45,"column":28}},"45":{"start":{"line":46,"column":0},"end":{"line":46,"column":1}},"46":{"start":{"line":47,"column":0},"end":{"line":47,"column":0}},"47":{"start":{"line":48,"column":0},"end":{"line":48,"column":50}},"48":{"start":{"line":49,"column":0},"end":{"line":49,"column":10}},"49":{"start":{"line":50,"column":0},"end":{"line":50,"column":12}},"50":{"start":{"line":51,"column":0},"end":{"line":51,"column":10}},"51":{"start":{"line":52,"column":0},"end":{"line":52,"column":11}},"52":{"start":{"line":53,"column":0},"end":{"line":53,"column":36}},"53":{"start":{"line":54,"column":0},"end":{"line":54,"column":69}},"54":{"start":{"line":55,"column":0},"end":{"line":55,"column":37}},"55":{"start":{"line":56,"column":0},"end":{"line":56,"column":45}},"56":{"start":{"line":57,"column":0},"end":{"line":57,"column":27}},"57":{"start":{"line":58,"column":0},"end":{"line":58,"column":4}},"58":{"start":{"line":59,"column":0},"end":{"line":59,"column":0}},"59":{"start":{"line":60,"column":0},"end":{"line":60,"column":33}},"60":{"start":{"line":61,"column":0},"end":{"line":61,"column":61}},"61":{"start":{"line":62,"column":0},"end":{"line":62,"column":52}},"62":{"start":{"line":63,"column":0},"end":{"line":63,"column":0}},"63":{"start":{"line":64,"column":0},"end":{"line":64,"column":10}},"64":{"start":{"line":65,"column":0},"end":{"line":65,"column":42}},"65":{"start":{"line":66,"column":0},"end":{"line":66,"column":16}},"66":{"start":{"line":67,"column":0},"end":{"line":67,"column":29}},"67":{"start":{"line":68,"column":0},"end":{"line":68,"column":4}},"68":{"start":{"line":69,"column":0},"end":{"line":69,"column":1}},"69":{"start":{"line":70,"column":0},"end":{"line":70,"column":0}},"70":{"start":{"line":71,"column":0},"end":{"line":71,"column":80}},"71":{"start":{"line":72,"column":0},"end":{"line":72,"column":44}},"72":{"start":{"line":73,"column":0},"end":{"line":73,"column":17}},"73":{"start":{"line":74,"column":0},"end":{"line":74,"column":70}},"74":{"start":{"line":75,"column":0},"end":{"line":75,"column":3}},"75":{"start":{"line":76,"column":0},"end":{"line":76,"column":50}},"76":{"start":{"line":77,"column":0},"end":{"line":77,"column":2}}},"s":{"0":1,"1":1,"2":1,"3":1,"4":1,"5":1,"6":1,"7":1,"8":1,"9":1,"10":1,"11":1,"12":1,"13":1,"14":1,"15":1,"16":1,"17":1,"18":1,"19":1,"20":1,"21":1,"22":1,"23":1,"24":1,"25":1,"26":1,"27":1,"28":1,"29":1,"30":1,"31":1,"32":1,"33":1,"34":1,"35":1,"36":1,"37":1,"38":1,"39":1,"40":1,"41":1,"42":1,"43":1,"44":1,"45":1,"46":1,"47":1,"48":21,"49":21,"50":21,"51":21,"52":21,"53":21,"54":21,"55":21,"56":21,"57":21,"58":21,"59":21,"60":21,"61":21,"62":21,"63":21,"64":21,"65":21,"66":21,"67":21,"68":21,"69":1,"70":1,"71":84,"72":84,"73":0,"74":0,"75":84,"76":84},"branchMap":{"0":{"type":"branch","line":48,"loc":{"start":{"line":48,"column":7},"end":{"line":69,"column":1}},"locations":[{"start":{"line":48,"column":7},"end":{"line":69,"column":1}}]},"1":{"type":"branch","line":56,"loc":{"start":{"line":56,"column":4},"end":{"line":56,"column":45}},"locations":[{"start":{"line":56,"column":4},"end":{"line":56,"column":45}}]},"2":{"type":"branch","line":57,"loc":{"start":{"line":57,"column":4},"end":{"line":57,"column":27}},"locations":[{"start":{"line":57,"column":4},"end":{"line":57,"column":27}}]},"3":{"type":"branch","line":60,"loc":{"start":{"line":60,"column":24},"end":{"line":62,"column":6}},"locations":[{"start":{"line":60,"column":24},"end":{"line":62,"column":6}}]},"4":{"type":"branch","line":71,"loc":{"start":{"line":71,"column":25},"end":{"line":77,"column":2}},"locations":[{"start":{"line":71,"column":25},"end":{"line":77,"column":2}}]},"5":{"type":"branch","line":73,"loc":{"start":{"line":73,"column":16},"end":{"line":75,"column":3}},"locations":[{"start":{"line":73,"column":16},"end":{"line":75,"column":3}}]}},"b":{"0":[21],"1":[21],"2":[69],"3":[21],"4":[84],"5":[0]},"fnMap":{"0":{"name":"LayoutProvider","decl":{"start":{"line":48,"column":7},"end":{"line":69,"column":1}},"loc":{"start":{"line":48,"column":7},"end":{"line":69,"column":1}},"line":48},"1":{"name":"useLayout","decl":{"start":{"line":71,"column":25},"end":{"line":77,"column":2}},"loc":{"start":{"line":71,"column":25},"end":{"line":77,"column":2}},"line":71}},"f":{"0":21,"1":84}}
,"/home/alex/dev/ug-layout/packages/react/src/icons.tsx": {"path":"/home/alex/dev/ug-layout/packages/react/src/icons.tsx","all":false,"statementMap":{"0":{"start":{"line":1,"column":0},"end":{"line":1,"column":26}},"1":{"start":{"line":2,"column":0},"end":{"line":2,"column":0}},"2":{"start":{"line":3,"column":0},"end":{"line":3,"column":202}},"3":{"start":{"line":4,"column":0},"end":{"line":4,"column":241}},"4":{"start":{"line":5,"column":0},"end":{"line":5,"column":164}},"5":{"start":{"line":6,"column":0},"end":{"line":6,"column":184}},"6":{"start":{"line":7,"column":0},"end":{"line":7,"column":213}},"7":{"start":{"line":8,"column":0},"end":{"line":8,"column":157}}},"s":{"0":1,"1":1,"2":1,"3":1,"4":1,"5":1,"6":1,"7":1},"branchMap":{},"b":{},"fnMap":{},"f":{}}
,"/home/alex/dev/ug-layout/packages/react/src/index.tsx": {"path":"/home/alex/dev/ug-layout/packages/react/src/index.tsx","all":false,"statementMap":{"0":{"start":{"line":1,"column":0},"end":{"line":1,"column":26}},"1":{"start":{"line":2,"column":0},"end":{"line":2,"column":38}},"2":{"start":{"line":3,"column":0},"end":{"line":3,"column":62}},"3":{"start":{"line":4,"column":0},"end":{"line":4,"column":65}},"4":{"start":{"line":5,"column":0},"end":{"line":5,"column":55}},"5":{"start":{"line":6,"column":0},"end":{"line":6,"column":35}},"6":{"start":{"line":7,"column":0},"end":{"line":7,"column":0}},"7":{"start":{"line":8,"column":0},"end":{"line":8,"column":26}},"8":{"start":{"line":9,"column":0},"end":{"line":9,"column":0}},"9":{"start":{"line":10,"column":0},"end":{"line":10,"column":45}},"10":{"start":{"line":11,"column":0},"end":{"line":11,"column":43}},"11":{"start":{"line":12,"column":0},"end":{"line":12,"column":99}},"12":{"start":{"line":13,"column":0},"end":{"line":13,"column":0}},"13":{"start":{"line":14,"column":0},"end":{"line":14,"column":10}},"14":{"start":{"line":15,"column":0},"end":{"line":15,"column":100}},"15":{"start":{"line":16,"column":0},"end":{"line":16,"column":47}},"16":{"start":{"line":17,"column":0},"end":{"line":17,"column":66}},"17":{"start":{"line":18,"column":0},"end":{"line":18,"column":21}},"18":{"start":{"line":19,"column":0},"end":{"line":19,"column":10}},"19":{"start":{"line":20,"column":0},"end":{"line":20,"column":4}},"20":{"start":{"line":21,"column":0},"end":{"line":21,"column":1}}},"s":{"0":1,"1":1,"2":1,"3":1,"4":1,"5":1,"6":1,"7":1,"8":1,"9":1,"10":15,"11":15,"12":15,"13":15,"14":15,"15":15,"16":15,"17":15,"18":15,"19":15,"20":15},"branchMap":{"0":{"type":"branch","line":10,"loc":{"start":{"line":10,"column":7},"end":{"line":21,"column":1}},"locations":[{"start":{"line":10,"column":7},"end":{"line":21,"column":1}}]},"1":{"type":"branch","line":12,"loc":{"start":{"line":12,"column":30},"end":{"line":12,"column":94}},"locations":[{"start":{"line":12,"column":30},"end":{"line":12,"column":94}}]},"2":{"type":"branch","line":12,"loc":{"start":{"line":12,"column":90},"end":{"line":12,"column":99}},"locations":[{"start":{"line":12,"column":90},"end":{"line":12,"column":99}}]},"3":{"type":"branch","line":17,"loc":{"start":{"line":17,"column":7},"end":{"line":17,"column":66}},"locations":[{"start":{"line":17,"column":7},"end":{"line":17,"column":66}}]}},"b":{"0":[15],"1":[1],"2":[14],"3":[1]},"fnMap":{"0":{"name":"UGLayout","decl":{"start":{"line":10,"column":7},"end":{"line":21,"column":1}},"loc":{"start":{"line":10,"column":7},"end":{"line":21,"column":1}},"line":10}},"f":{"0":15}}
,"/home/alex/dev/ug-layout/packages/react/src/utils.ts": {"path":"/home/alex/dev/ug-layout/packages/react/src/utils.ts","all":false,"statementMap":{"0":{"start":{"line":1,"column":0},"end":{"line":1,"column":55}},"1":{"start":{"line":2,"column":0},"end":{"line":2,"column":0}},"2":{"start":{"line":3,"column":0},"end":{"line":3,"column":73}},"3":{"start":{"line":4,"column":0},"end":{"line":4,"column":58}},"4":{"start":{"line":5,"column":0},"end":{"line":5,"column":30}},"5":{"start":{"line":6,"column":0},"end":{"line":6,"column":76}},"6":{"start":{"line":7,"column":0},"end":{"line":7,"column":3}},"7":{"start":{"line":8,"column":0},"end":{"line":8,"column":14}},"8":{"start":{"line":9,"column":0},"end":{"line":9,"column":1}}},"s":{"0":1,"1":1,"2":1,"3":1,"4":0,"5":0,"6":0,"7":0,"8":0},"branchMap":{"0":{"type":"branch","line":3,"loc":{"start":{"line":3,"column":7},"end":{"line":9,"column":1}},"locations":[{"start":{"line":3,"column":7},"end":{"line":9,"column":1}}]},"1":{"type":"branch","line":4,"loc":{"start":{"line":4,"column":53},"end":{"line":9,"column":1}},"locations":[{"start":{"line":4,"column":53},"end":{"line":9,"column":1}}]}},"b":{"0":[1],"1":[0]},"fnMap":{"0":{"name":"findTile","decl":{"start":{"line":3,"column":7},"end":{"line":9,"column":1}},"loc":{"start":{"line":3,"column":7},"end":{"line":9,"column":1}},"line":3}},"f":{"0":1}}
,"/home/alex/dev/ug-layout/packages/react/src/components/ControlButton.tsx": {"path":"/home/alex/dev/ug-layout/packages/react/src/components/ControlButton.tsx","all":false,"statementMap":{"0":{"start":{"line":1,"column":0},"end":{"line":1,"column":26}},"1":{"start":{"line":2,"column":0},"end":{"line":2,"column":0}},"2":{"start":{"line":3,"column":0},"end":{"line":3,"column":37}},"3":{"start":{"line":4,"column":0},"end":{"line":4,"column":22}},"4":{"start":{"line":5,"column":0},"end":{"line":5,"column":16}},"5":{"start":{"line":6,"column":0},"end":{"line":6,"column":28}},"6":{"start":{"line":7,"column":0},"end":{"line":7,"column":17}},"7":{"start":{"line":8,"column":0},"end":{"line":8,"column":1}},"8":{"start":{"line":9,"column":0},"end":{"line":9,"column":0}},"9":{"start":{"line":10,"column":0},"end":{"line":10,"column":101}},"10":{"start":{"line":11,"column":0},"end":{"line":11,"column":10}},"11":{"start":{"line":12,"column":0},"end":{"line":12,"column":57}},"12":{"start":{"line":13,"column":0},"end":{"line":13,"column":17}},"13":{"start":{"line":14,"column":0},"end":{"line":14,"column":165}},"14":{"start":{"line":15,"column":0},"end":{"line":15,"column":63}},"15":{"start":{"line":16,"column":0},"end":{"line":16,"column":65}},"16":{"start":{"line":17,"column":0},"end":{"line":17,"column":3}},"17":{"start":{"line":18,"column":0},"end":{"line":18,"column":14}},"18":{"start":{"line":19,"column":0},"end":{"line":19,"column":11}},"19":{"start":{"line":20,"column":0},"end":{"line":20,"column":2}}},"s":{"0":1,"1":1,"2":1,"3":1,"4":1,"5":1,"6":1,"7":1,"8":1,"9":1,"10":163,"11":163,"12":163,"13":163,"14":163,"15":163,"16":163,"17":163,"18":163,"19":1},"branchMap":{"0":{"type":"branch","line":10,"loc":{"start":{"line":10,"column":59},"end":{"line":19,"column":11}},"locations":[{"start":{"line":10,"column":59},"end":{"line":19,"column":11}}]},"1":{"type":"branch","line":14,"loc":{"start":{"line":14,"column":56},"end":{"line":14,"column":76}},"locations":[{"start":{"line":14,"column":56},"end":{"line":14,"column":76}}]},"2":{"type":"branch","line":12,"loc":{"start":{"line":12,"column":13},"end":{"line":12,"column":57}},"locations":[{"start":{"line":12,"column":13},"end":{"line":12,"column":57}}]}},"b":{"0":[163],"1":[136],"2":[2]},"fnMap":{"0":{"name":"ControlButton","decl":{"start":{"line":10,"column":59},"end":{"line":19,"column":11}},"loc":{"start":{"line":10,"column":59},"end":{"line":19,"column":11}},"line":10},"1":{"name":"onClick","decl":{"start":{"line":12,"column":13},"end":{"line":12,"column":57}},"loc":{"start":{"line":12,"column":13},"end":{"line":12,"column":57}},"line":12},"2":{"name":"onMouseEnter","decl":{"start":{"line":15,"column":18},"end":{"line":15,"column":63}},"loc":{"start":{"line":15,"column":18},"end":{"line":15,"column":63}},"line":15},"3":{"name":"onMouseLeave","decl":{"start":{"line":16,"column":18},"end":{"line":16,"column":65}},"loc":{"start":{"line":16,"column":18},"end":{"line":16,"column":65}},"line":16}},"f":{"0":163,"1":2,"2":0,"3":0}}
,"/home/alex/dev/ug-layout/packages/react/src/components/DefaultPicker.tsx": {"path":"/home/alex/dev/ug-layout/packages/react/src/components/DefaultPicker.tsx","all":false,"statementMap":{"0":{"start":{"line":1,"column":0},"end":{"line":1,"column":26}},"1":{"start":{"line":2,"column":0},"end":{"line":2,"column":39}},"2":{"start":{"line":3,"column":0},"end":{"line":3,"column":0}},"3":{"start":{"line":4,"column":0},"end":{"line":4,"column":37}},"4":{"start":{"line":5,"column":0},"end":{"line":5,"column":17}},"5":{"start":{"line":6,"column":0},"end":{"line":6,"column":24}},"6":{"start":{"line":7,"column":0},"end":{"line":7,"column":18}},"7":{"start":{"line":8,"column":0},"end":{"line":8,"column":1}},"8":{"start":{"line":9,"column":0},"end":{"line":9,"column":0}},"9":{"start":{"line":10,"column":0},"end":{"line":10,"column":93}},"10":{"start":{"line":11,"column":0},"end":{"line":11,"column":43}},"11":{"start":{"line":12,"column":0},"end":{"line":12,"column":2}},"12":{"start":{"line":13,"column":0},"end":{"line":13,"column":132}},"13":{"start":{"line":14,"column":0},"end":{"line":14,"column":0}},"14":{"start":{"line":15,"column":0},"end":{"line":15,"column":39}},"15":{"start":{"line":16,"column":0},"end":{"line":16,"column":16}},"16":{"start":{"line":17,"column":0},"end":{"line":17,"column":32}},"17":{"start":{"line":18,"column":0},"end":{"line":18,"column":12}},"18":{"start":{"line":19,"column":0},"end":{"line":19,"column":51}},"19":{"start":{"line":20,"column":0},"end":{"line":20,"column":5}},"20":{"start":{"line":21,"column":0},"end":{"line":21,"column":17}},"21":{"start":{"line":22,"column":0},"end":{"line":22,"column":4}},"22":{"start":{"line":23,"column":0},"end":{"line":23,"column":0}},"23":{"start":{"line":24,"column":0},"end":{"line":24,"column":10}},"24":{"start":{"line":25,"column":0},"end":{"line":25,"column":120}},"25":{"start":{"line":26,"column":0},"end":{"line":26,"column":128}},"26":{"start":{"line":27,"column":0},"end":{"line":27,"column":42}},"27":{"start":{"line":28,"column":0},"end":{"line":28,"column":16}},"28":{"start":{"line":29,"column":0},"end":{"line":29,"column":19}},"29":{"start":{"line":30,"column":0},"end":{"line":30,"column":41}},"30":{"start":{"line":31,"column":0},"end":{"line":31,"column":19}},"31":{"start":{"line":32,"column":0},"end":{"line":32,"column":32}},"32":{"start":{"line":33,"column":0},"end":{"line":33,"column":28}},"33":{"start":{"line":34,"column":0},"end":{"line":34,"column":31}},"34":{"start":{"line":35,"column":0},"end":{"line":35,"column":32}},"35":{"start":{"line":36,"column":0},"end":{"line":36,"column":28}},"36":{"start":{"line":37,"column":0},"end":{"line":37,"column":38}},"37":{"start":{"line":38,"column":0},"end":{"line":38,"column":32}},"38":{"start":{"line":39,"column":0},"end":{"line":39,"column":12}},"39":{"start":{"line":40,"column":0},"end":{"line":40,"column":9}},"40":{"start":{"line":41,"column":0},"end":{"line":41,"column":14}},"41":{"start":{"line":42,"column":0},"end":{"line":42,"column":17}},"42":{"start":{"line":43,"column":0},"end":{"line":43,"column":9}},"43":{"start":{"line":44,"column":0},"end":{"line":44,"column":10}},"44":{"start":{"line":45,"column":0},"end":{"line":45,"column":4}},"45":{"start":{"line":46,"column":0},"end":{"line":46,"column":2}}},"s":{"0":1,"1":1,"2":1,"3":1,"4":1,"5":1,"6":1,"7":1,"8":1,"9":1,"10":20,"11":20,"12":20,"13":2,"14":2,"15":0,"16":0,"17":0,"18":0,"19":0,"20":0,"21":0,"22":2,"23":2,"24":2,"25":2,"26":2,"27":3,"28":3,"29":3,"30":3,"31":3,"32":3,"33":3,"34":3,"35":3,"36":3,"37":3,"38":3,"39":3,"40":3,"41":3,"42":2,"43":2,"44":2,"45":2},"branchMap":{"0":{"type":"branch","line":10,"loc":{"start":{"line":10,"column":59},"end":{"line":46,"column":2}},"locations":[{"start":{"line":10,"column":59},"end":{"line":46,"column":2}}]},"1":{"type":"branch","line":13,"loc":{"start":{"line":13,"column":17},"end":{"line":13,"column":132}},"locations":[{"start":{"line":13,"column":17},"end":{"line":13,"column":132}}]},"2":{"type":"branch","line":13,"loc":{"start":{"line":13,"column":125},"end":{"line":46,"column":2}},"locations":[{"start":{"line":13,"column":125},"end":{"line":46,"column":2}}]},"3":{"type":"branch","line":27,"loc":{"start":{"line":27,"column":33},"end":{"line":42,"column":17}},"locations":[{"start":{"line":27,"column":33},"end":{"line":42,"column":17}}]}},"b":{"0":[20],"1":[18],"2":[2],"3":[3]},"fnMap":{"0":{"name":"DefaultPicker","decl":{"start":{"line":10,"column":59},"end":{"line":46,"column":2}},"loc":{"start":{"line":10,"column":59},"end":{"line":46,"column":2}},"line":10},"1":{"name":"handleClick","decl":{"start":{"line":15,"column":22},"end":{"line":22,"column":4}},"loc":{"start":{"line":15,"column":22},"end":{"line":22,"column":4}},"line":15},"2":{"name":"onClick","decl":{"start":{"line":30,"column":19},"end":{"line":30,"column":41}},"loc":{"start":{"line":30,"column":19},"end":{"line":30,"column":41}},"line":30}},"f":{"0":20,"1":0,"2":0}}
,"/home/alex/dev/ug-layout/packages/react/src/components/DragOverlay.tsx": {"path":"/home/alex/dev/ug-layout/packages/react/src/components/DragOverlay.tsx","all":false,"statementMap":{"0":{"start":{"line":1,"column":0},"end":{"line":1,"column":26}},"1":{"start":{"line":2,"column":0},"end":{"line":2,"column":39}},"2":{"start":{"line":3,"column":0},"end":{"line":3,"column":0}},"3":{"start":{"line":4,"column":0},"end":{"line":4,"column":44}},"4":{"start":{"line":5,"column":0},"end":{"line":5,"column":36}},"5":{"start":{"line":6,"column":0},"end":{"line":6,"column":2}},"6":{"start":{"line":7,"column":0},"end":{"line":7,"column":30}},"7":{"start":{"line":8,"column":0},"end":{"line":8,"column":0}},"8":{"start":{"line":9,"column":0},"end":{"line":9,"column":10}},"9":{"start":{"line":10,"column":0},"end":{"line":10,"column":9}},"10":{"start":{"line":11,"column":0},"end":{"line":11,"column":14}},"11":{"start":{"line":12,"column":0},"end":{"line":12,"column":26}},"12":{"start":{"line":13,"column":0},"end":{"line":13,"column":32}},"13":{"start":{"line":14,"column":0},"end":{"line":14,"column":31}},"14":{"start":{"line":15,"column":0},"end":{"line":15,"column":23}},"15":{"start":{"line":16,"column":0},"end":{"line":16,"column":23}},"16":{"start":{"line":17,"column":0},"end":{"line":17,"column":52}},"17":{"start":{"line":18,"column":0},"end":{"line":18,"column":53}},"18":{"start":{"line":19,"column":0},"end":{"line":19,"column":28}},"19":{"start":{"line":20,"column":0},"end":{"line":20,"column":30}},"20":{"start":{"line":21,"column":0},"end":{"line":21,"column":21}},"21":{"start":{"line":22,"column":0},"end":{"line":22,"column":24}},"22":{"start":{"line":23,"column":0},"end":{"line":23,"column":29}},"23":{"start":{"line":24,"column":0},"end":{"line":24,"column":33}},"24":{"start":{"line":25,"column":0},"end":{"line":25,"column":23}},"25":{"start":{"line":26,"column":0},"end":{"line":26,"column":25}},"26":{"start":{"line":27,"column":0},"end":{"line":27,"column":43}},"27":{"start":{"line":28,"column":0},"end":{"line":28,"column":36}},"28":{"start":{"line":29,"column":0},"end":{"line":29,"column":47}},"29":{"start":{"line":30,"column":0},"end":{"line":30,"column":8}},"30":{"start":{"line":31,"column":0},"end":{"line":31,"column":5}},"31":{"start":{"line":32,"column":0},"end":{"line":32,"column":48}},"32":{"start":{"line":33,"column":0},"end":{"line":33,"column":10}},"33":{"start":{"line":34,"column":0},"end":{"line":34,"column":4}},"34":{"start":{"line":35,"column":0},"end":{"line":35,"column":2}}},"s":{"0":1,"1":1,"2":1,"3":1,"4":15,"5":15,"6":15,"7":2,"8":2,"9":2,"10":2,"11":2,"12":2,"13":2,"14":2,"15":2,"16":2,"17":2,"18":2,"19":2,"20":2,"21":2,"22":2,"23":2,"24":2,"25":2,"26":2,"27":2,"28":2,"29":2,"30":2,"31":2,"32":2,"33":2,"34":2},"branchMap":{"0":{"type":"branch","line":4,"loc":{"start":{"line":4,"column":37},"end":{"line":35,"column":2}},"locations":[{"start":{"line":4,"column":37},"end":{"line":35,"column":2}}]},"1":{"type":"branch","line":7,"loc":{"start":{"line":7,"column":18},"end":{"line":7,"column":30}},"locations":[{"start":{"line":7,"column":18},"end":{"line":7,"column":30}}]},"2":{"type":"branch","line":7,"loc":{"start":{"line":7,"column":25},"end":{"line":35,"column":2}},"locations":[{"start":{"line":7,"column":25},"end":{"line":35,"column":2}}]}},"b":{"0":[15],"1":[13],"2":[2]},"fnMap":{"0":{"name":"DragOverlay","decl":{"start":{"line":4,"column":37},"end":{"line":35,"column":2}},"loc":{"start":{"line":4,"column":37},"end":{"line":35,"column":2}},"line":4}},"f":{"0":15}}
,"/home/alex/dev/ug-layout/packages/react/src/components/Gutter.tsx": {"path":"/home/alex/dev/ug-layout/packages/react/src/components/Gutter.tsx","all":false,"statementMap":{"0":{"start":{"line":1,"column":0},"end":{"line":1,"column":51}},"1":{"start":{"line":2,"column":0},"end":{"line":2,"column":60}},"2":{"start":{"line":3,"column":0},"end":{"line":3,"column":39}},"3":{"start":{"line":4,"column":0},"end":{"line":4,"column":0}},"4":{"start":{"line":5,"column":0},"end":{"line":5,"column":30}},"5":{"start":{"line":6,"column":0},"end":{"line":6,"column":18}},"6":{"start":{"line":7,"column":0},"end":{"line":7,"column":23}},"7":{"start":{"line":8,"column":0},"end":{"line":8,"column":1}},"8":{"start":{"line":9,"column":0},"end":{"line":9,"column":0}},"9":{"start":{"line":10,"column":0},"end":{"line":10,"column":74}},"10":{"start":{"line":11,"column":0},"end":{"line":11,"column":33}},"11":{"start":{"line":12,"column":0},"end":{"line":12,"column":43}},"12":{"start":{"line":13,"column":0},"end":{"line":13,"column":0}},"13":{"start":{"line":14,"column":0},"end":{"line":14,"column":68}},"14":{"start":{"line":15,"column":0},"end":{"line":15,"column":71}},"15":{"start":{"line":16,"column":0},"end":{"line":16,"column":31}},"16":{"start":{"line":17,"column":0},"end":{"line":17,"column":4}},"17":{"start":{"line":18,"column":0},"end":{"line":18,"column":23}},"18":{"start":{"line":19,"column":0},"end":{"line":19,"column":46}},"19":{"start":{"line":20,"column":0},"end":{"line":20,"column":24}},"20":{"start":{"line":21,"column":0},"end":{"line":21,"column":0}},"21":{"start":{"line":22,"column":0},"end":{"line":22,"column":48}},"22":{"start":{"line":23,"column":0},"end":{"line":23,"column":0}},"23":{"start":{"line":24,"column":0},"end":{"line":24,"column":56}},"24":{"start":{"line":25,"column":0},"end":{"line":25,"column":93}},"25":{"start":{"line":26,"column":0},"end":{"line":26,"column":41}},"26":{"start":{"line":27,"column":0},"end":{"line":27,"column":6}},"27":{"start":{"line":28,"column":0},"end":{"line":28,"column":0}},"28":{"start":{"line":29,"column":0},"end":{"line":29,"column":31}},"29":{"start":{"line":30,"column":0},"end":{"line":30,"column":63}},"30":{"start":{"line":31,"column":0},"end":{"line":31,"column":59}},"31":{"start":{"line":32,"column":0},"end":{"line":32,"column":38}},"32":{"start":{"line":33,"column":0},"end":{"line":33,"column":6}},"33":{"start":{"line":34,"column":0},"end":{"line":34,"column":0}},"34":{"start":{"line":35,"column":0},"end":{"line":35,"column":58}},"35":{"start":{"line":36,"column":0},"end":{"line":36,"column":54}},"36":{"start":{"line":37,"column":0},"end":{"line":37,"column":88}},"37":{"start":{"line":38,"column":0},"end":{"line":38,"column":35}},"38":{"start":{"line":39,"column":0},"end":{"line":39,"column":0}},"39":{"start":{"line":40,"column":0},"end":{"line":40,"column":10}},"40":{"start":{"line":41,"column":0},"end":{"line":41,"column":9}},"41":{"start":{"line":42,"column":0},"end":{"line":42,"column":16}},"42":{"start":{"line":43,"column":0},"end":{"line":43,"column":28}},"43":{"start":{"line":44,"column":0},"end":{"line":44,"column":15}},"44":{"start":{"line":45,"column":0},"end":{"line":45,"column":54}},"45":{"start":{"line":46,"column":0},"end":{"line":46,"column":72}},"46":{"start":{"line":47,"column":0},"end":{"line":47,"column":19}},"47":{"start":{"line":48,"column":0},"end":{"line":48,"column":85}},"48":{"start":{"line":49,"column":0},"end":{"line":49,"column":9}},"49":{"start":{"line":50,"column":0},"end":{"line":50,"column":40}},"50":{"start":{"line":51,"column":0},"end":{"line":51,"column":6}},"51":{"start":{"line":52,"column":0},"end":{"line":52,"column":4}},"52":{"start":{"line":53,"column":0},"end":{"line":53,"column":2}}},"s":{"0":1,"1":1,"2":1,"3":1,"4":1,"5":1,"6":1,"7":1,"8":1,"9":1,"10":6,"11":6,"12":6,"13":6,"14":1,"15":1,"16":1,"17":1,"18":1,"19":1,"20":1,"21":1,"22":1,"23":1,"24":0,"25":0,"26":0,"27":1,"28":1,"29":0,"30":0,"31":0,"32":0,"33":1,"34":1,"35":1,"36":1,"37":6,"38":6,"39":6,"40":6,"41":6,"42":6,"43":6,"44":6,"45":6,"46":6,"47":6,"48":6,"49":6,"50":6,"51":6,"52":6},"branchMap":{"0":{"type":"branch","line":10,"loc":{"start":{"line":10,"column":45},"end":{"line":53,"column":2}},"locations":[{"start":{"line":10,"column":45},"end":{"line":53,"column":2}}]},"1":{"type":"branch","line":46,"loc":{"start":{"line":46,"column":45},"end":{"line":46,"column":72}},"locations":[{"start":{"line":46,"column":45},"end":{"line":46,"column":72}}]},"2":{"type":"branch","line":14,"loc":{"start":{"line":14,"column":40},"end":{"line":38,"column":5}},"locations":[{"start":{"line":14,"column":40},"end":{"line":38,"column":5}}]},"3":{"type":"branch","line":16,"loc":{"start":{"line":16,"column":24},"end":{"line":16,"column":31}},"locations":[{"start":{"line":16,"column":24},"end":{"line":16,"column":31}}]},"4":{"type":"branch","line":20,"loc":{"start":{"line":20,"column":17},"end":{"line":20,"column":24}},"locations":[{"start":{"line":20,"column":17},"end":{"line":20,"column":24}}]},"5":{"type":"branch","line":37,"loc":{"start":{"line":37,"column":62},"end":{"line":37,"column":88}},"locations":[{"start":{"line":37,"column":62},"end":{"line":37,"column":88}}]}},"b":{"0":[6],"1":[0],"2":[1],"3":[0],"4":[0],"5":[0]},"fnMap":{"0":{"name":"Gutter","decl":{"start":{"line":10,"column":45},"end":{"line":53,"column":2}},"loc":{"start":{"line":10,"column":45},"end":{"line":53,"column":2}},"line":10},"1":{"name":"onPointerMove","decl":{"start":{"line":24,"column":26},"end":{"line":27,"column":6}},"loc":{"start":{"line":24,"column":26},"end":{"line":27,"column":6}},"line":24},"2":{"name":"onPointerUp","decl":{"start":{"line":29,"column":24},"end":{"line":33,"column":6}},"loc":{"start":{"line":29,"column":24},"end":{"line":33,"column":6}},"line":29}},"f":{"0":6,"1":0,"2":0}}
,"/home/alex/dev/ug-layout/packages/react/src/components/LayoutNode.tsx": {"path":"/home/alex/dev/ug-layout/packages/react/src/components/LayoutNode.tsx","all":false,"statementMap":{"0":{"start":{"line":1,"column":0},"end":{"line":1,"column":26}},"1":{"start":{"line":2,"column":0},"end":{"line":2,"column":45}},"2":{"start":{"line":3,"column":0},"end":{"line":3,"column":39}},"3":{"start":{"line":4,"column":0},"end":{"line":4,"column":41}},"4":{"start":{"line":5,"column":0},"end":{"line":5,"column":0}},"5":{"start":{"line":6,"column":0},"end":{"line":6,"column":60}},"6":{"start":{"line":7,"column":0},"end":{"line":7,"column":30}},"7":{"start":{"line":8,"column":0},"end":{"line":8,"column":1}},"8":{"start":{"line":9,"column":0},"end":{"line":9,"column":0}},"9":{"start":{"line":10,"column":0},"end":{"line":10,"column":101}},"10":{"start":{"line":11,"column":0},"end":{"line":11,"column":95}},"11":{"start":{"line":12,"column":0},"end":{"line":12,"column":1}}},"s":{"0":1,"1":1,"2":1,"3":1,"4":1,"5":1,"6":1,"7":1,"8":1,"9":1,"10":27,"11":27},"branchMap":{"0":{"type":"branch","line":10,"loc":{"start":{"line":10,"column":7},"end":{"line":12,"column":1}},"locations":[{"start":{"line":10,"column":7},"end":{"line":12,"column":1}}]},"1":{"type":"branch","line":11,"loc":{"start":{"line":11,"column":23},"end":{"line":11,"column":64}},"locations":[{"start":{"line":11,"column":23},"end":{"line":11,"column":64}}]},"2":{"type":"branch","line":11,"loc":{"start":{"line":11,"column":59},"end":{"line":11,"column":95}},"locations":[{"start":{"line":11,"column":59},"end":{"line":11,"column":95}}]}},"b":{"0":[27],"1":[21],"2":[6]},"fnMap":{"0":{"name":"LayoutNodeComponent","decl":{"start":{"line":10,"column":7},"end":{"line":12,"column":1}},"loc":{"start":{"line":10,"column":7},"end":{"line":12,"column":1}},"line":10}},"f":{"0":27}}
,"/home/alex/dev/ug-layout/packages/react/src/components/MaximizedOverlay.tsx": {"path":"/home/alex/dev/ug-layout/packages/react/src/components/MaximizedOverlay.tsx","all":false,"statementMap":{"0":{"start":{"line":1,"column":0},"end":{"line":1,"column":26}},"1":{"start":{"line":2,"column":0},"end":{"line":2,"column":43}},"2":{"start":{"line":3,"column":0},"end":{"line":3,"column":39}},"3":{"start":{"line":4,"column":0},"end":{"line":4,"column":39}},"4":{"start":{"line":5,"column":0},"end":{"line":5,"column":48}},"5":{"start":{"line":6,"column":0},"end":{"line":6,"column":48}},"6":{"start":{"line":7,"column":0},"end":{"line":7,"column":0}},"7":{"start":{"line":8,"column":0},"end":{"line":8,"column":57}},"8":{"start":{"line":9,"column":0},"end":{"line":9,"column":28}},"9":{"start":{"line":10,"column":0},"end":{"line":10,"column":1}},"10":{"start":{"line":11,"column":0},"end":{"line":11,"column":0}},"11":{"start":{"line":12,"column":0},"end":{"line":12,"column":95}},"12":{"start":{"line":13,"column":0},"end":{"line":13,"column":62}},"13":{"start":{"line":14,"column":0},"end":{"line":14,"column":111}},"14":{"start":{"line":15,"column":0},"end":{"line":15,"column":0}},"15":{"start":{"line":16,"column":0},"end":{"line":16,"column":17}},"16":{"start":{"line":17,"column":0},"end":{"line":17,"column":49}},"17":{"start":{"line":18,"column":0},"end":{"line":18,"column":4}},"18":{"start":{"line":19,"column":0},"end":{"line":19,"column":0}},"19":{"start":{"line":20,"column":0},"end":{"line":20,"column":10}},"20":{"start":{"line":21,"column":0},"end":{"line":21,"column":9}},"21":{"start":{"line":22,"column":0},"end":{"line":22,"column":39}},"22":{"start":{"line":23,"column":0},"end":{"line":23,"column":15}},"23":{"start":{"line":24,"column":0},"end":{"line":24,"column":77}},"24":{"start":{"line":25,"column":0},"end":{"line":25,"column":116}},"25":{"start":{"line":26,"column":0},"end":{"line":26,"column":8}},"26":{"start":{"line":27,"column":0},"end":{"line":27,"column":5}},"27":{"start":{"line":28,"column":0},"end":{"line":28,"column":11}},"28":{"start":{"line":29,"column":0},"end":{"line":29,"column":17}},"29":{"start":{"line":30,"column":0},"end":{"line":30,"column":101}},"30":{"start":{"line":31,"column":0},"end":{"line":31,"column":86}},"31":{"start":{"line":32,"column":0},"end":{"line":32,"column":10}},"32":{"start":{"line":33,"column":0},"end":{"line":33,"column":7}},"33":{"start":{"line":34,"column":0},"end":{"line":34,"column":112}},"34":{"start":{"line":35,"column":0},"end":{"line":35,"column":86}},"35":{"start":{"line":36,"column":0},"end":{"line":36,"column":24}},"36":{"start":{"line":37,"column":0},"end":{"line":37,"column":24}},"37":{"start":{"line":38,"column":0},"end":{"line":38,"column":12}},"38":{"start":{"line":39,"column":0},"end":{"line":39,"column":48}},"39":{"start":{"line":40,"column":0},"end":{"line":40,"column":84}},"40":{"start":{"line":41,"column":0},"end":{"line":41,"column":12}},"41":{"start":{"line":42,"column":0},"end":{"line":42,"column":10}},"42":{"start":{"line":43,"column":0},"end":{"line":43,"column":4}},"43":{"start":{"line":44,"column":0},"end":{"line":44,"column":1}}},"s":{"0":1,"1":1,"2":1,"3":1,"4":1,"5":1,"6":1,"7":1,"8":1,"9":1,"10":1,"11":1,"12":1,"13":1,"14":1,"15":1,"16":1,"17":1,"18":1,"19":1,"20":1,"21":1,"22":1,"23":1,"24":1,"25":1,"26":1,"27":1,"28":1,"29":1,"30":1,"31":1,"32":1,"33":1,"34":1,"35":1,"36":1,"37":1,"38":1,"39":1,"40":1,"41":1,"42":1,"43":1},"branchMap":{"0":{"type":"branch","line":12,"loc":{"start":{"line":12,"column":7},"end":{"line":44,"column":1}},"locations":[{"start":{"line":12,"column":7},"end":{"line":44,"column":1}}]},"1":{"type":"branch","line":14,"loc":{"start":{"line":14,"column":25},"end":{"line":14,"column":50}},"locations":[{"start":{"line":14,"column":25},"end":{"line":14,"column":50}}]},"2":{"type":"branch","line":14,"loc":{"start":{"line":14,"column":38},"end":{"line":14,"column":106}},"locations":[{"start":{"line":14,"column":38},"end":{"line":14,"column":106}}]},"3":{"type":"branch","line":17,"loc":{"start":{"line":17,"column":12},"end":{"line":17,"column":37}},"locations":[{"start":{"line":17,"column":12},"end":{"line":17,"column":37}}]},"4":{"type":"branch","line":34,"loc":{"start":{"line":34,"column":64},"end":{"line":34,"column":100}},"locations":[{"start":{"line":34,"column":64},"end":{"line":34,"column":100}}]},"5":{"type":"branch","line":40,"loc":{"start":{"line":40,"column":9},"end":{"line":40,"column":49}},"locations":[{"start":{"line":40,"column":9},"end":{"line":40,"column":49}}]}},"b":{"0":[1],"1":[0],"2":[0],"3":[0],"4":[0],"5":[0]},"fnMap":{"0":{"name":"MaximizedOverlay","decl":{"start":{"line":12,"column":7},"end":{"line":44,"column":1}},"loc":{"start":{"line":12,"column":7},"end":{"line":44,"column":1}},"line":12},"1":{"name":"onClick","decl":{"start":{"line":35,"column":32},"end":{"line":35,"column":57}},"loc":{"start":{"line":35,"column":32},"end":{"line":35,"column":57}},"line":35}},"f":{"0":1,"1":0}}
,"/home/alex/dev/ug-layout/packages/react/src/components/Split.tsx": {"path":"/home/alex/dev/ug-layout/packages/react/src/components/Split.tsx","all":false,"statementMap":{"0":{"start":{"line":1,"column":0},"end":{"line":1,"column":26}},"1":{"start":{"line":2,"column":0},"end":{"line":2,"column":44}},"2":{"start":{"line":3,"column":0},"end":{"line":3,"column":51}},"3":{"start":{"line":4,"column":0},"end":{"line":4,"column":34}},"4":{"start":{"line":5,"column":0},"end":{"line":5,"column":0}},"5":{"start":{"line":6,"column":0},"end":{"line":6,"column":55}},"6":{"start":{"line":7,"column":0},"end":{"line":7,"column":29}},"7":{"start":{"line":8,"column":0},"end":{"line":8,"column":1}},"8":{"start":{"line":9,"column":0},"end":{"line":9,"column":0}},"9":{"start":{"line":10,"column":0},"end":{"line":10,"column":91}},"10":{"start":{"line":11,"column":0},"end":{"line":11,"column":23}},"11":{"start":{"line":12,"column":0},"end":{"line":12,"column":23}},"12":{"start":{"line":13,"column":0},"end":{"line":13,"column":38}},"13":{"start":{"line":14,"column":0},"end":{"line":14,"column":20}},"14":{"start":{"line":15,"column":0},"end":{"line":15,"column":18}},"15":{"start":{"line":16,"column":0},"end":{"line":16,"column":19}},"16":{"start":{"line":17,"column":0},"end":{"line":17,"column":130}},"17":{"start":{"line":18,"column":0},"end":{"line":18,"column":125}},"18":{"start":{"line":19,"column":0},"end":{"line":19,"column":4}},"19":{"start":{"line":20,"column":0},"end":{"line":20,"column":0}},"20":{"start":{"line":21,"column":0},"end":{"line":21,"column":10}},"21":{"start":{"line":22,"column":0},"end":{"line":22,"column":44}},"22":{"start":{"line":23,"column":0},"end":{"line":23,"column":53}},"23":{"start":{"line":24,"column":0},"end":{"line":24,"column":61}},"24":{"start":{"line":25,"column":0},"end":{"line":25,"column":53}},"25":{"start":{"line":26,"column":0},"end":{"line":26,"column":10}},"26":{"start":{"line":27,"column":0},"end":{"line":27,"column":4}},"27":{"start":{"line":28,"column":0},"end":{"line":28,"column":1}}},"s":{"0":1,"1":1,"2":1,"3":1,"4":1,"5":1,"6":1,"7":1,"8":1,"9":1,"10":6,"11":6,"12":6,"13":6,"14":6,"15":6,"16":6,"17":6,"18":6,"19":6,"20":6,"21":6,"22":6,"23":6,"24":6,"25":6,"26":6,"27":6},"branchMap":{"0":{"type":"branch","line":10,"loc":{"start":{"line":10,"column":7},"end":{"line":28,"column":1}},"locations":[{"start":{"line":10,"column":7},"end":{"line":28,"column":1}}]},"1":{"type":"branch","line":17,"loc":{"start":{"line":17,"column":112},"end":{"line":17,"column":130}},"locations":[{"start":{"line":17,"column":112},"end":{"line":17,"column":130}}]},"2":{"type":"branch","line":18,"loc":{"start":{"line":18,"column":41},"end":{"line":18,"column":118}},"locations":[{"start":{"line":18,"column":41},"end":{"line":18,"column":118}}]}},"b":{"0":[6],"1":[0],"2":[0]},"fnMap":{"0":{"name":"SplitComponent","decl":{"start":{"line":10,"column":7},"end":{"line":28,"column":1}},"loc":{"start":{"line":10,"column":7},"end":{"line":28,"column":1}},"line":10}},"f":{"0":6}}
,"/home/alex/dev/ug-layout/packages/react/src/components/Tile.tsx": {"path":"/home/alex/dev/ug-layout/packages/react/src/components/Tile.tsx","all":false,"statementMap":{"0":{"start":{"line":1,"column":0},"end":{"line":1,"column":48}},"1":{"start":{"line":2,"column":0},"end":{"line":2,"column":70}},"2":{"start":{"line":3,"column":0},"end":{"line":3,"column":39}},"3":{"start":{"line":4,"column":0},"end":{"line":4,"column":104}},"4":{"start":{"line":5,"column":0},"end":{"line":5,"column":48}},"5":{"start":{"line":6,"column":0},"end":{"line":6,"column":48}},"6":{"start":{"line":7,"column":0},"end":{"line":7,"column":65}},"7":{"start":{"line":8,"column":0},"end":{"line":8,"column":0}},"8":{"start":{"line":9,"column":0},"end":{"line":9,"column":54}},"9":{"start":{"line":10,"column":0},"end":{"line":10,"column":28}},"10":{"start":{"line":11,"column":0},"end":{"line":11,"column":17}},"11":{"start":{"line":12,"column":0},"end":{"line":12,"column":1}},"12":{"start":{"line":13,"column":0},"end":{"line":13,"column":0}},"13":{"start":{"line":14,"column":0},"end":{"line":14,"column":72}},"14":{"start":{"line":15,"column":0},"end":{"line":15,"column":63}},"15":{"start":{"line":16,"column":0},"end":{"line":16,"column":38}},"16":{"start":{"line":17,"column":0},"end":{"line":17,"column":25}},"17":{"start":{"line":18,"column":0},"end":{"line":18,"column":46}},"18":{"start":{"line":19,"column":0},"end":{"line":19,"column":32}},"19":{"start":{"line":20,"column":0},"end":{"line":20,"column":26}},"20":{"start":{"line":21,"column":0},"end":{"line":21,"column":16}},"21":{"start":{"line":22,"column":0},"end":{"line":22,"column":36}},"22":{"start":{"line":23,"column":0},"end":{"line":23,"column":4}},"23":{"start":{"line":24,"column":0},"end":{"line":24,"column":0}},"24":{"start":{"line":25,"column":0},"end":{"line":25,"column":31}},"25":{"start":{"line":26,"column":0},"end":{"line":26,"column":22}},"26":{"start":{"line":27,"column":0},"end":{"line":27,"column":23}},"27":{"start":{"line":28,"column":0},"end":{"line":28,"column":24}},"28":{"start":{"line":29,"column":0},"end":{"line":29,"column":25}},"29":{"start":{"line":30,"column":0},"end":{"line":30,"column":10}},"30":{"start":{"line":31,"column":0},"end":{"line":31,"column":44}},"31":{"start":{"line":32,"column":0},"end":{"line":32,"column":26}},"32":{"start":{"line":33,"column":0},"end":{"line":33,"column":28}},"33":{"start":{"line":34,"column":0},"end":{"line":34,"column":20}},"34":{"start":{"line":35,"column":0},"end":{"line":35,"column":56}},"35":{"start":{"line":36,"column":0},"end":{"line":36,"column":12}},"36":{"start":{"line":37,"column":0},"end":{"line":37,"column":27}},"37":{"start":{"line":38,"column":0},"end":{"line":38,"column":27}},"38":{"start":{"line":39,"column":0},"end":{"line":39,"column":21}},"39":{"start":{"line":40,"column":0},"end":{"line":40,"column":55}},"40":{"start":{"line":41,"column":0},"end":{"line":41,"column":5}},"41":{"start":{"line":42,"column":0},"end":{"line":42,"column":3}},"42":{"start":{"line":43,"column":0},"end":{"line":43,"column":0}},"43":{"start":{"line":44,"column":0},"end":{"line":44,"column":60}},"44":{"start":{"line":45,"column":0},"end":{"line":45,"column":2}},"45":{"start":{"line":46,"column":0},"end":{"line":46,"column":0}},"46":{"start":{"line":47,"column":0},"end":{"line":47,"column":89}},"47":{"start":{"line":48,"column":0},"end":{"line":48,"column":87}},"48":{"start":{"line":49,"column":0},"end":{"line":49,"column":54}},"49":{"start":{"line":50,"column":0},"end":{"line":50,"column":52}},"50":{"start":{"line":51,"column":0},"end":{"line":51,"column":2}},"51":{"start":{"line":52,"column":0},"end":{"line":52,"column":80}},"52":{"start":{"line":53,"column":0},"end":{"line":53,"column":0}},"53":{"start":{"line":54,"column":0},"end":{"line":54,"column":52}},"54":{"start":{"line":55,"column":0},"end":{"line":55,"column":50}},"55":{"start":{"line":56,"column":0},"end":{"line":56,"column":64}},"56":{"start":{"line":57,"column":0},"end":{"line":57,"column":2}},"57":{"start":{"line":58,"column":0},"end":{"line":58,"column":69}},"58":{"start":{"line":59,"column":0},"end":{"line":59,"column":127}},"59":{"start":{"line":60,"column":0},"end":{"line":60,"column":0}},"60":{"start":{"line":61,"column":0},"end":{"line":61,"column":17}},"61":{"start":{"line":62,"column":0},"end":{"line":62,"column":55}},"62":{"start":{"line":63,"column":0},"end":{"line":63,"column":50}},"63":{"start":{"line":64,"column":0},"end":{"line":64,"column":50}},"64":{"start":{"line":65,"column":0},"end":{"line":65,"column":49}},"65":{"start":{"line":66,"column":0},"end":{"line":66,"column":46}},"66":{"start":{"line":67,"column":0},"end":{"line":67,"column":40}},"67":{"start":{"line":68,"column":0},"end":{"line":68,"column":4}},"68":{"start":{"line":69,"column":0},"end":{"line":69,"column":0}},"69":{"start":{"line":70,"column":0},"end":{"line":70,"column":52}},"70":{"start":{"line":71,"column":0},"end":{"line":71,"column":41}},"71":{"start":{"line":72,"column":0},"end":{"line":72,"column":31}},"72":{"start":{"line":73,"column":0},"end":{"line":73,"column":4}},"73":{"start":{"line":74,"column":0},"end":{"line":74,"column":91}},"74":{"start":{"line":75,"column":0},"end":{"line":75,"column":66}},"75":{"start":{"line":76,"column":0},"end":{"line":76,"column":0}},"76":{"start":{"line":77,"column":0},"end":{"line":77,"column":29}},"77":{"start":{"line":78,"column":0},"end":{"line":78,"column":29}},"78":{"start":{"line":79,"column":0},"end":{"line":79,"column":0}},"79":{"start":{"line":80,"column":0},"end":{"line":80,"column":56}},"80":{"start":{"line":81,"column":0},"end":{"line":81,"column":86}},"81":{"start":{"line":82,"column":0},"end":{"line":82,"column":21}},"82":{"start":{"line":83,"column":0},"end":{"line":83,"column":65}},"83":{"start":{"line":84,"column":0},"end":{"line":84,"column":65}},"84":{"start":{"line":85,"column":0},"end":{"line":85,"column":7}},"85":{"start":{"line":86,"column":0},"end":{"line":86,"column":6}},"86":{"start":{"line":87,"column":0},"end":{"line":87,"column":0}},"87":{"start":{"line":88,"column":0},"end":{"line":88,"column":31}},"88":{"start":{"line":89,"column":0},"end":{"line":89,"column":63}},"89":{"start":{"line":90,"column":0},"end":{"line":90,"column":6}},"90":{"start":{"line":91,"column":0},"end":{"line":91,"column":0}},"91":{"start":{"line":92,"column":0},"end":{"line":92,"column":58}},"92":{"start":{"line":93,"column":0},"end":{"line":93,"column":70}},"93":{"start":{"line":94,"column":0},"end":{"line":94,"column":4}},"94":{"start":{"line":95,"column":0},"end":{"line":95,"column":0}},"95":{"start":{"line":96,"column":0},"end":{"line":96,"column":51}},"96":{"start":{"line":97,"column":0},"end":{"line":97,"column":0}},"97":{"start":{"line":98,"column":0},"end":{"line":98,"column":10}},"98":{"start":{"line":99,"column":0},"end":{"line":99,"column":9}},"99":{"start":{"line":100,"column":0},"end":{"line":100,"column":24}},"100":{"start":{"line":101,"column":0},"end":{"line":101,"column":26}},"101":{"start":{"line":102,"column":0},"end":{"line":102,"column":28}},"102":{"start":{"line":103,"column":0},"end":{"line":103,"column":15}},"103":{"start":{"line":104,"column":0},"end":{"line":104,"column":81}},"104":{"start":{"line":105,"column":0},"end":{"line":105,"column":101}},"105":{"start":{"line":106,"column":0},"end":{"line":106,"column":54}},"106":{"start":{"line":107,"column":0},"end":{"line":107,"column":29}},"107":{"start":{"line":108,"column":0},"end":{"line":108,"column":52}},"108":{"start":{"line":109,"column":0},"end":{"line":109,"column":8}},"109":{"start":{"line":110,"column":0},"end":{"line":110,"column":5}},"110":{"start":{"line":111,"column":0},"end":{"line":111,"column":91}},"111":{"start":{"line":112,"column":0},"end":{"line":112,"column":11}},"112":{"start":{"line":113,"column":0},"end":{"line":113,"column":35}},"113":{"start":{"line":114,"column":0},"end":{"line":114,"column":37}},"114":{"start":{"line":115,"column":0},"end":{"line":115,"column":17}},"115":{"start":{"line":116,"column":0},"end":{"line":116,"column":105}},"116":{"start":{"line":117,"column":0},"end":{"line":117,"column":86}},"117":{"start":{"line":118,"column":0},"end":{"line":118,"column":111}},"118":{"start":{"line":119,"column":0},"end":{"line":119,"column":29}},"119":{"start":{"line":120,"column":0},"end":{"line":120,"column":59}},"120":{"start":{"line":121,"column":0},"end":{"line":121,"column":10}},"121":{"start":{"line":122,"column":0},"end":{"line":122,"column":7}},"122":{"start":{"line":123,"column":0},"end":{"line":123,"column":139}},"123":{"start":{"line":124,"column":0},"end":{"line":124,"column":8}},"124":{"start":{"line":125,"column":0},"end":{"line":125,"column":32}},"125":{"start":{"line":126,"column":0},"end":{"line":126,"column":129}},"126":{"start":{"line":127,"column":0},"end":{"line":127,"column":22}},"127":{"start":{"line":128,"column":0},"end":{"line":128,"column":42}},"128":{"start":{"line":129,"column":0},"end":{"line":129,"column":19}},"129":{"start":{"line":130,"column":0},"end":{"line":130,"column":28}},"130":{"start":{"line":131,"column":0},"end":{"line":131,"column":89}},"131":{"start":{"line":132,"column":0},"end":{"line":132,"column":24}},"132":{"start":{"line":133,"column":0},"end":{"line":133,"column":37}},"133":{"start":{"line":134,"column":0},"end":{"line":134,"column":46}},"134":{"start":{"line":135,"column":0},"end":{"line":135,"column":100}},"135":{"start":{"line":136,"column":0},"end":{"line":136,"column":93}},"136":{"start":{"line":137,"column":0},"end":{"line":137,"column":36}},"137":{"start":{"line":138,"column":0},"end":{"line":138,"column":35}},"138":{"start":{"line":139,"column":0},"end":{"line":139,"column":34}},"139":{"start":{"line":140,"column":0},"end":{"line":140,"column":39}},"140":{"start":{"line":141,"column":0},"end":{"line":141,"column":29}},"141":{"start":{"line":142,"column":0},"end":{"line":142,"column":126}},"142":{"start":{"line":143,"column":0},"end":{"line":143,"column":39}},"143":{"start":{"line":144,"column":0},"end":{"line":144,"column":18}},"144":{"start":{"line":145,"column":0},"end":{"line":145,"column":15}},"145":{"start":{"line":146,"column":0},"end":{"line":146,"column":31}},"146":{"start":{"line":147,"column":0},"end":{"line":147,"column":22}},"147":{"start":{"line":148,"column":0},"end":{"line":148,"column":94}},"148":{"start":{"line":149,"column":0},"end":{"line":149,"column":60}},"149":{"start":{"line":150,"column":0},"end":{"line":150,"column":17}},"150":{"start":{"line":151,"column":0},"end":{"line":151,"column":19}},"151":{"start":{"line":152,"column":0},"end":{"line":152,"column":23}},"152":{"start":{"line":153,"column":0},"end":{"line":153,"column":20}},"153":{"start":{"line":154,"column":0},"end":{"line":154,"column":14}},"154":{"start":{"line":155,"column":0},"end":{"line":155,"column":15}},"155":{"start":{"line":156,"column":0},"end":{"line":156,"column":192}},"156":{"start":{"line":157,"column":0},"end":{"line":157,"column":36}},"157":{"start":{"line":158,"column":0},"end":{"line":158,"column":19}},"158":{"start":{"line":159,"column":0},"end":{"line":159,"column":12}},"159":{"start":{"line":160,"column":0},"end":{"line":160,"column":14}},"160":{"start":{"line":161,"column":0},"end":{"line":161,"column":0}},"161":{"start":{"line":162,"column":0},"end":{"line":162,"column":105}},"162":{"start":{"line":163,"column":0},"end":{"line":163,"column":111}},"163":{"start":{"line":164,"column":0},"end":{"line":164,"column":110}},"164":{"start":{"line":165,"column":0},"end":{"line":165,"column":119}},"165":{"start":{"line":166,"column":0},"end":{"line":166,"column":132}},"166":{"start":{"line":167,"column":0},"end":{"line":167,"column":128}},"167":{"start":{"line":168,"column":0},"end":{"line":168,"column":129}},"168":{"start":{"line":169,"column":0},"end":{"line":169,"column":14}},"169":{"start":{"line":170,"column":0},"end":{"line":170,"column":12}},"170":{"start":{"line":171,"column":0},"end":{"line":171,"column":146}},"171":{"start":{"line":172,"column":0},"end":{"line":172,"column":51}},"172":{"start":{"line":173,"column":0},"end":{"line":173,"column":25}},"173":{"start":{"line":174,"column":0},"end":{"line":174,"column":29}},"174":{"start":{"line":175,"column":0},"end":{"line":175,"column":50}},"175":{"start":{"line":176,"column":0},"end":{"line":176,"column":48}},"176":{"start":{"line":177,"column":0},"end":{"line":177,"column":12}},"177":{"start":{"line":178,"column":0},"end":{"line":178,"column":13}},"178":{"start":{"line":179,"column":0},"end":{"line":179,"column":70}},"179":{"start":{"line":180,"column":0},"end":{"line":180,"column":10}},"180":{"start":{"line":181,"column":0},"end":{"line":181,"column":12}},"181":{"start":{"line":182,"column":0},"end":{"line":182,"column":10}},"182":{"start":{"line":183,"column":0},"end":{"line":183,"column":4}},"183":{"start":{"line":184,"column":0},"end":{"line":184,"column":1}}},"s":{"0":1,"1":1,"2":1,"3":1,"4":1,"5":1,"6":1,"7":1,"8":1,"9":1,"10":1,"11":1,"12":1,"13":1,"14":1,"15":1,"16":1,"17":1,"18":1,"19":1,"20":1,"21":1,"22":1,"23":1,"24":1,"25":1,"26":1,"27":1,"28":1,"29":1,"30":0,"31":0,"32":0,"33":0,"34":0,"35":0,"36":0,"37":0,"38":0,"39":0,"40":0,"41":0,"42":1,"43":1,"44":1,"45":1,"46":1,"47":27,"48":27,"49":27,"50":27,"51":27,"52":27,"53":27,"54":27,"55":27,"56":27,"57":27,"58":27,"59":27,"60":27,"61":27,"62":27,"63":27,"64":27,"65":27,"66":27,"67":27,"68":27,"69":27,"70":1,"71":1,"72":1,"73":1,"74":1,"75":1,"76":1,"77":1,"78":1,"79":1,"80":1,"81":1,"82":1,"83":1,"84":1,"85":1,"86":1,"87":1,"88":1,"89":1,"90":1,"91":1,"92":1,"93":1,"94":27,"95":27,"96":27,"97":27,"98":27,"99":27,"100":27,"101":27,"102":27,"103":27,"104":27,"105":27,"106":27,"107":27,"108":27,"109":27,"110":27,"111":27,"112":27,"113":27,"114":27,"115":27,"116":27,"117":27,"118":27,"119":27,"120":27,"121":27,"122":27,"123":27,"124":27,"125":27,"126":27,"127":4,"128":8,"129":8,"130":8,"131":8,"132":8,"133":8,"134":8,"135":8,"136":8,"137":8,"138":8,"139":8,"140":8,"141":8,"142":8,"143":8,"144":8,"145":8,"146":8,"147":8,"148":8,"149":8,"150":8,"151":8,"152":8,"153":4,"154":23,"155":23,"156":23,"157":23,"158":27,"159":27,"160":27,"161":27,"162":27,"163":27,"164":27,"165":27,"166":27,"167":27,"168":27,"169":27,"170":27,"171":27,"172":19,"173":19,"174":19,"175":19,"176":19,"177":8,"178":8,"179":27,"180":27,"181":27,"182":27,"183":27},"branchMap":{"0":{"type":"branch","line":14,"loc":{"start":{"line":14,"column":55},"end":{"line":45,"column":2}},"locations":[{"start":{"line":14,"column":55},"end":{"line":45,"column":2}}]},"1":{"type":"branch","line":30,"loc":{"start":{"line":30,"column":2},"end":{"line":42,"column":3}},"locations":[{"start":{"line":30,"column":2},"end":{"line":42,"column":3}}]},"2":{"type":"branch","line":47,"loc":{"start":{"line":47,"column":7},"end":{"line":184,"column":1}},"locations":[{"start":{"line":47,"column":7},"end":{"line":184,"column":1}}]},"3":{"type":"branch","line":54,"loc":{"start":{"line":54,"column":23},"end":{"line":54,"column":52}},"locations":[{"start":{"line":54,"column":23},"end":{"line":54,"column":52}}]},"4":{"type":"branch","line":55,"loc":{"start":{"line":55,"column":30},"end":{"line":55,"column":50}},"locations":[{"start":{"line":55,"column":30},"end":{"line":55,"column":50}}]},"5":{"type":"branch","line":56,"loc":{"start":{"line":56,"column":20},"end":{"line":56,"column":59}},"locations":[{"start":{"line":56,"column":20},"end":{"line":56,"column":59}}]},"6":{"type":"branch","line":56,"loc":{"start":{"line":56,"column":55},"end":{"line":56,"column":64}},"locations":[{"start":{"line":56,"column":55},"end":{"line":56,"column":64}}]},"7":{"type":"branch","line":58,"loc":{"start":{"line":58,"column":20},"end":{"line":58,"column":54}},"locations":[{"start":{"line":58,"column":20},"end":{"line":58,"column":54}}]},"8":{"type":"branch","line":58,"loc":{"start":{"line":58,"column":42},"end":{"line":58,"column":69}},"locations":[{"start":{"line":58,"column":42},"end":{"line":58,"column":69}}]},"9":{"type":"branch","line":59,"loc":{"start":{"line":59,"column":20},"end":{"line":59,"column":45}},"locations":[{"start":{"line":59,"column":20},"end":{"line":59,"column":45}}]},"10":{"type":"branch","line":59,"loc":{"start":{"line":59,"column":33},"end":{"line":59,"column":122}},"locations":[{"start":{"line":59,"column":33},"end":{"line":59,"column":122}}]},"11":{"type":"branch","line":59,"loc":{"start":{"line":59,"column":63},"end":{"line":59,"column":127}},"locations":[{"start":{"line":59,"column":63},"end":{"line":59,"column":127}}]},"12":{"type":"branch","line":62,"loc":{"start":{"line":62,"column":14},"end":{"line":62,"column":41}},"locations":[{"start":{"line":62,"column":14},"end":{"line":62,"column":41}}]},"13":{"type":"branch","line":63,"loc":{"start":{"line":63,"column":12},"end":{"line":63,"column":37}},"locations":[{"start":{"line":63,"column":12},"end":{"line":63,"column":37}}]},"14":{"type":"branch","line":63,"loc":{"start":{"line":63,"column":27},"end":{"line":63,"column":50}},"locations":[{"start":{"line":63,"column":27},"end":{"line":63,"column":50}}]},"15":{"type":"branch","line":64,"loc":{"start":{"line":64,"column":12},"end":{"line":64,"column":37}},"locations":[{"start":{"line":64,"column":12},"end":{"line":64,"column":37}}]},"16":{"type":"branch","line":65,"loc":{"start":{"line":65,"column":12},"end":{"line":65,"column":37}},"locations":[{"start":{"line":65,"column":12},"end":{"line":65,"column":37}}]},"17":{"type":"branch","line":65,"loc":{"start":{"line":65,"column":27},"end":{"line":65,"column":49}},"locations":[{"start":{"line":65,"column":27},"end":{"line":65,"column":49}}]},"18":{"type":"branch","line":66,"loc":{"start":{"line":66,"column":11},"end":{"line":66,"column":35}},"locations":[{"start":{"line":66,"column":11},"end":{"line":66,"column":35}}]},"19":{"type":"branch","line":67,"loc":{"start":{"line":67,"column":9},"end":{"line":67,"column":31}},"locations":[{"start":{"line":67,"column":9},"end":{"line":67,"column":31}}]},"20":{"type":"branch","line":96,"loc":{"start":{"line":96,"column":19},"end":{"line":96,"column":43}},"locations":[{"start":{"line":96,"column":19},"end":{"line":96,"column":43}}]},"21":{"type":"branch","line":108,"loc":{"start":{"line":108,"column":17},"end":{"line":108,"column":35}},"locations":[{"start":{"line":108,"column":17},"end":{"line":108,"column":35}}]},"22":{"type":"branch","line":108,"loc":{"start":{"line":108,"column":40},"end":{"line":108,"column":51}},"locations":[{"start":{"line":108,"column":40},"end":{"line":108,"column":51}}]},"23":{"type":"branch","line":108,"loc":{"start":{"line":108,"column":45},"end":{"line":108,"column":52}},"locations":[{"start":{"line":108,"column":45},"end":{"line":108,"column":52}}]},"24":{"type":"branch","line":111,"loc":{"start":{"line":111,"column":7},"end":{"line":111,"column":44}},"locations":[{"start":{"line":111,"column":7},"end":{"line":111,"column":44}}]},"25":{"type":"branch","line":111,"loc":{"start":{"line":111,"column":30},"end":{"line":111,"column":91}},"locations":[{"start":{"line":111,"column":30},"end":{"line":111,"column":91}}]},"26":{"type":"branch","line":127,"loc":{"start":{"line":127,"column":11},"end":{"line":154,"column":14}},"locations":[{"start":{"line":127,"column":11},"end":{"line":154,"column":14}}]},"27":{"type":"branch","line":154,"loc":{"start":{"line":154,"column":13},"end":{"line":158,"column":19}},"locations":[{"start":{"line":154,"column":13},"end":{"line":158,"column":19}}]},"28":{"type":"branch","line":157,"loc":{"start":{"line":157,"column":20},"end":{"line":157,"column":36}},"locations":[{"start":{"line":157,"column":20},"end":{"line":157,"column":36}}]},"29":{"type":"branch","line":172,"loc":{"start":{"line":172,"column":9},"end":{"line":172,"column":51}},"locations":[{"start":{"line":172,"column":9},"end":{"line":172,"column":51}}]},"30":{"type":"branch","line":172,"loc":{"start":{"line":172,"column":25},"end":{"line":172,"column":51}},"locations":[{"start":{"line":172,"column":25},"end":{"line":172,"column":51}}]},"31":{"type":"branch","line":172,"loc":{"start":{"line":172,"column":39},"end":{"line":177,"column":12}},"locations":[{"start":{"line":172,"column":39},"end":{"line":177,"column":12}}]},"32":{"type":"branch","line":177,"loc":{"start":{"line":177,"column":10},"end":{"line":179,"column":70}},"locations":[{"start":{"line":177,"column":10},"end":{"line":179,"column":70}}]},"33":{"type":"branch","line":179,"loc":{"start":{"line":179,"column":53},"end":{"line":179,"column":68}},"locations":[{"start":{"line":179,"column":53},"end":{"line":179,"column":68}}]},"34":{"type":"branch","line":70,"loc":{"start":{"line":70,"column":24},"end":{"line":94,"column":4}},"locations":[{"start":{"line":70,"column":24},"end":{"line":94,"column":4}}]},"35":{"type":"branch","line":72,"loc":{"start":{"line":72,"column":24},"end":{"line":72,"column":31}},"locations":[{"start":{"line":72,"column":24},"end":{"line":72,"column":31}}]},"36":{"type":"branch","line":75,"loc":{"start":{"line":75,"column":59},"end":{"line":75,"column":66}},"locations":[{"start":{"line":75,"column":59},"end":{"line":75,"column":66}}]},"37":{"type":"branch","line":80,"loc":{"start":{"line":80,"column":26},"end":{"line":86,"column":6}},"locations":[{"start":{"line":80,"column":26},"end":{"line":86,"column":6}}]},"38":{"type":"branch","line":88,"loc":{"start":{"line":88,"column":24},"end":{"line":90,"column":6}},"locations":[{"start":{"line":88,"column":24},"end":{"line":90,"column":6}}]},"39":{"type":"branch","line":128,"loc":{"start":{"line":128,"column":27},"end":{"line":153,"column":20}},"locations":[{"start":{"line":128,"column":27},"end":{"line":153,"column":20}}]},"40":{"type":"branch","line":135,"loc":{"start":{"line":135,"column":38},"end":{"line":135,"column":86}},"locations":[{"start":{"line":135,"column":38},"end":{"line":135,"column":86}}]},"41":{"type":"branch","line":135,"loc":{"start":{"line":135,"column":55},"end":{"line":135,"column":100}},"locations":[{"start":{"line":135,"column":55},"end":{"line":135,"column":100}}]},"42":{"type":"branch","line":136,"loc":{"start":{"line":136,"column":33},"end":{"line":136,"column":83}},"locations":[{"start":{"line":136,"column":33},"end":{"line":136,"column":83}}]},"43":{"type":"branch","line":136,"loc":{"start":{"line":136,"column":50},"end":{"line":136,"column":93}},"locations":[{"start":{"line":136,"column":50},"end":{"line":136,"column":93}}]},"44":{"type":"branch","line":142,"loc":{"start":{"line":142,"column":34},"end":{"line":142,"column":102}},"locations":[{"start":{"line":142,"column":34},"end":{"line":142,"column":102}}]},"45":{"type":"branch","line":142,"loc":{"start":{"line":142,"column":51},"end":{"line":142,"column":126}},"locations":[{"start":{"line":142,"column":51},"end":{"line":142,"column":126}}]},"46":{"type":"branch","line":131,"loc":{"start":{"line":131,"column":25},"end":{"line":131,"column":89}},"locations":[{"start":{"line":131,"column":25},"end":{"line":131,"column":89}}]},"47":{"type":"branch","line":148,"loc":{"start":{"line":148,"column":27},"end":{"line":148,"column":94}},"locations":[{"start":{"line":148,"column":27},"end":{"line":148,"column":94}}]},"48":{"type":"branch","line":163,"loc":{"start":{"line":163,"column":34},"end":{"line":163,"column":68}},"locations":[{"start":{"line":163,"column":34},"end":{"line":163,"column":68}}]},"49":{"type":"branch","line":164,"loc":{"start":{"line":164,"column":34},"end":{"line":164,"column":67}},"locations":[{"start":{"line":164,"column":34},"end":{"line":164,"column":67}}]}},"b":{"0":[1],"1":[0],"2":[27],"3":[4],"4":[23],"5":[4],"6":[23],"7":[4],"8":[23],"9":[9],"10":[9],"11":[18],"12":[1],"13":[1],"14":[26],"15":[1],"16":[1],"17":[26],"18":[1],"19":[1],"20":[4],"21":[4],"22":[2],"23":[25],"24":[1],"25":[1],"26":[4],"27":[23],"28":[18],"29":[26],"30":[18],"31":[19],"32":[8],"33":[4],"34":[1],"35":[0],"36":[0],"37":[1],"38":[1],"39":[8],"40":[4],"41":[4],"42":[4],"43":[4],"44":[4],"45":[4],"46":[1],"47":[1],"48":[1],"49":[1]},"fnMap":{"0":{"name":"GhostPreview","decl":{"start":{"line":14,"column":55},"end":{"line":45,"column":2}},"loc":{"start":{"line":14,"column":55},"end":{"line":45,"column":2}},"line":14},"1":{"name":"TileComponent","decl":{"start":{"line":47,"column":7},"end":{"line":184,"column":1}},"loc":{"start":{"line":47,"column":7},"end":{"line":184,"column":1}},"line":47},"2":{"name":"onPointerDown","decl":{"start":{"line":70,"column":24},"end":{"line":94,"column":4}},"loc":{"start":{"line":70,"column":24},"end":{"line":94,"column":4}},"line":70},"3":{"name":"onPointerMove","decl":{"start":{"line":80,"column":26},"end":{"line":86,"column":6}},"loc":{"start":{"line":80,"column":26},"end":{"line":86,"column":6}},"line":80},"4":{"name":"onPointerUp","decl":{"start":{"line":88,"column":24},"end":{"line":90,"column":6}},"loc":{"start":{"line":88,"column":24},"end":{"line":90,"column":6}},"line":88},"5":{"name":"onClick","decl":{"start":{"line":131,"column":25},"end":{"line":131,"column":89}},"loc":{"start":{"line":131,"column":25},"end":{"line":131,"column":89}},"line":131},"6":{"name":"onClick","decl":{"start":{"line":148,"column":27},"end":{"line":148,"column":94}},"loc":{"start":{"line":148,"column":27},"end":{"line":148,"column":94}},"line":148},"7":{"name":"onClick","decl":{"start":{"line":163,"column":34},"end":{"line":163,"column":68}},"loc":{"start":{"line":163,"column":34},"end":{"line":163,"column":68}},"line":163},"8":{"name":"onClick","decl":{"start":{"line":164,"column":34},"end":{"line":164,"column":67}},"loc":{"start":{"line":164,"column":34},"end":{"line":164,"column":67}},"line":164},"9":{"name":"onClick","decl":{"start":{"line":165,"column":34},"end":{"line":165,"column":70}},"loc":{"start":{"line":165,"column":34},"end":{"line":165,"column":70}},"line":165},"10":{"name":"onClick","decl":{"start":{"line":166,"column":34},"end":{"line":166,"column":77}},"loc":{"start":{"line":166,"column":34},"end":{"line":166,"column":77}},"line":166},"11":{"name":"onClick","decl":{"start":{"line":167,"column":34},"end":{"line":167,"column":75}},"loc":{"start":{"line":167,"column":34},"end":{"line":167,"column":75}},"line":167},"12":{"name":"onClick","decl":{"start":{"line":168,"column":34},"end":{"line":168,"column":68}},"loc":{"start":{"line":168,"column":34},"end":{"line":168,"column":68}},"line":168},"13":{"name":"onSelect","decl":{"start":{"line":175,"column":22},"end":{"line":175,"column":50}},"loc":{"start":{"line":175,"column":22},"end":{"line":175,"column":50}},"line":175}},"f":{"0":1,"1":27,"2":1,"3":1,"4":1,"5":1,"6":1,"7":1,"8":1,"9":0,"10":0,"11":0,"12":0,"13":0}}
,"/home/alex/dev/ug-layout/packages/react/src/hooks/useDragCoordinator.ts": {"path":"/home/alex/dev/ug-layout/packages/react/src/hooks/useDragCoordinator.ts","all":false,"statementMap":{"0":{"start":{"line":1,"column":0},"end":{"line":1,"column":55}},"1":{"start":{"line":2,"column":0},"end":{"line":2,"column":74}},"2":{"start":{"line":3,"column":0},"end":{"line":3,"column":39}},"3":{"start":{"line":4,"column":0},"end":{"line":4,"column":0}},"4":{"start":{"line":5,"column":0},"end":{"line":5,"column":42}},"5":{"start":{"line":6,"column":0},"end":{"line":6,"column":23}},"6":{"start":{"line":7,"column":0},"end":{"line":7,"column":30}},"7":{"start":{"line":8,"column":0},"end":{"line":8,"column":99}},"8":{"start":{"line":9,"column":0},"end":{"line":9,"column":1}},"9":{"start":{"line":10,"column":0},"end":{"line":10,"column":0}},"10":{"start":{"line":11,"column":0},"end":{"line":11,"column":98}},"11":{"start":{"line":12,"column":0},"end":{"line":12,"column":41}},"12":{"start":{"line":13,"column":0},"end":{"line":13,"column":35}},"13":{"start":{"line":14,"column":0},"end":{"line":14,"column":0}},"14":{"start":{"line":15,"column":0},"end":{"line":15,"column":45}},"15":{"start":{"line":16,"column":0},"end":{"line":16,"column":40}},"16":{"start":{"line":17,"column":0},"end":{"line":17,"column":57}},"17":{"start":{"line":18,"column":0},"end":{"line":18,"column":46}},"18":{"start":{"line":19,"column":0},"end":{"line":19,"column":53}},"19":{"start":{"line":20,"column":0},"end":{"line":20,"column":14}},"20":{"start":{"line":21,"column":0},"end":{"line":21,"column":24}},"21":{"start":{"line":22,"column":0},"end":{"line":22,"column":21}},"22":{"start":{"line":23,"column":0},"end":{"line":23,"column":27}},"23":{"start":{"line":24,"column":0},"end":{"line":24,"column":39}},"24":{"start":{"line":25,"column":0},"end":{"line":25,"column":32}},"25":{"start":{"line":26,"column":0},"end":{"line":26,"column":10}},"26":{"start":{"line":27,"column":0},"end":{"line":27,"column":7}},"27":{"start":{"line":28,"column":0},"end":{"line":28,"column":5}},"28":{"start":{"line":29,"column":0},"end":{"line":29,"column":32}},"29":{"start":{"line":30,"column":0},"end":{"line":30,"column":23}},"30":{"start":{"line":31,"column":0},"end":{"line":31,"column":29}},"31":{"start":{"line":32,"column":0},"end":{"line":32,"column":0}},"32":{"start":{"line":33,"column":0},"end":{"line":33,"column":62}},"33":{"start":{"line":34,"column":0},"end":{"line":34,"column":41}},"34":{"start":{"line":35,"column":0},"end":{"line":35,"column":25}},"35":{"start":{"line":36,"column":0},"end":{"line":36,"column":0}},"36":{"start":{"line":37,"column":0},"end":{"line":37,"column":28}},"37":{"start":{"line":38,"column":0},"end":{"line":38,"column":72}},"38":{"start":{"line":39,"column":0},"end":{"line":39,"column":76}},"39":{"start":{"line":40,"column":0},"end":{"line":40,"column":39}},"40":{"start":{"line":41,"column":0},"end":{"line":41,"column":45}},"41":{"start":{"line":42,"column":0},"end":{"line":42,"column":0}},"42":{"start":{"line":43,"column":0},"end":{"line":43,"column":19}},"43":{"start":{"line":44,"column":0},"end":{"line":44,"column":55}},"44":{"start":{"line":45,"column":0},"end":{"line":45,"column":48}},"45":{"start":{"line":46,"column":0},"end":{"line":46,"column":54}},"46":{"start":{"line":47,"column":0},"end":{"line":47,"column":63}},"47":{"start":{"line":48,"column":0},"end":{"line":48,"column":14}},"48":{"start":{"line":49,"column":0},"end":{"line":49,"column":24}},"49":{"start":{"line":50,"column":0},"end":{"line":50,"column":7}},"50":{"start":{"line":51,"column":0},"end":{"line":51,"column":5}},"51":{"start":{"line":52,"column":0},"end":{"line":52,"column":0}},"52":{"start":{"line":53,"column":0},"end":{"line":53,"column":23}},"53":{"start":{"line":54,"column":0},"end":{"line":54,"column":17}},"54":{"start":{"line":55,"column":0},"end":{"line":55,"column":25}},"55":{"start":{"line":56,"column":0},"end":{"line":56,"column":25}},"56":{"start":{"line":57,"column":0},"end":{"line":57,"column":15}},"57":{"start":{"line":58,"column":0},"end":{"line":58,"column":16}},"58":{"start":{"line":59,"column":0},"end":{"line":59,"column":6}},"59":{"start":{"line":60,"column":0},"end":{"line":60,"column":37}},"60":{"start":{"line":61,"column":0},"end":{"line":61,"column":28}},"61":{"start":{"line":62,"column":0},"end":{"line":62,"column":21}},"62":{"start":{"line":63,"column":0},"end":{"line":63,"column":0}},"63":{"start":{"line":64,"column":0},"end":{"line":64,"column":19}},"64":{"start":{"line":65,"column":0},"end":{"line":65,"column":62}},"65":{"start":{"line":66,"column":0},"end":{"line":66,"column":58}},"66":{"start":{"line":67,"column":0},"end":{"line":67,"column":18}},"67":{"start":{"line":68,"column":0},"end":{"line":68,"column":67}},"68":{"start":{"line":69,"column":0},"end":{"line":69,"column":63}},"69":{"start":{"line":70,"column":0},"end":{"line":70,"column":6}},"70":{"start":{"line":71,"column":0},"end":{"line":71,"column":43}},"71":{"start":{"line":72,"column":0},"end":{"line":72,"column":0}},"72":{"start":{"line":73,"column":0},"end":{"line":73,"column":83}},"73":{"start":{"line":74,"column":0},"end":{"line":74,"column":26}},"74":{"start":{"line":75,"column":0},"end":{"line":75,"column":9}},"75":{"start":{"line":76,"column":0},"end":{"line":76,"column":14}},"76":{"start":{"line":77,"column":0},"end":{"line":77,"column":14}},"77":{"start":{"line":78,"column":0},"end":{"line":78,"column":21}},"78":{"start":{"line":79,"column":0},"end":{"line":79,"column":22}},"79":{"start":{"line":80,"column":0},"end":{"line":80,"column":6}},"80":{"start":{"line":81,"column":0},"end":{"line":81,"column":40}},"81":{"start":{"line":82,"column":0},"end":{"line":82,"column":31}},"82":{"start":{"line":83,"column":0},"end":{"line":83,"column":21}},"83":{"start":{"line":84,"column":0},"end":{"line":84,"column":0}},"84":{"start":{"line":85,"column":0},"end":{"line":85,"column":23}},"85":{"start":{"line":86,"column":0},"end":{"line":86,"column":1}}},"s":{"0":1,"1":1,"2":1,"3":1,"4":1,"5":1,"6":1,"7":1,"8":1,"9":1,"10":1,"11":27,"12":27,"13":27,"14":27,"15":2,"16":2,"17":2,"18":2,"19":2,"20":0,"21":0,"22":0,"23":0,"24":0,"25":0,"26":0,"27":2,"28":2,"29":2,"30":27,"31":27,"32":27,"33":4,"34":4,"35":2,"36":2,"37":2,"38":4,"39":4,"40":4,"41":4,"42":4,"43":2,"44":2,"45":2,"46":2,"47":2,"48":0,"49":0,"50":2,"51":2,"52":2,"53":2,"54":2,"55":2,"56":2,"57":2,"58":2,"59":2,"60":2,"61":27,"62":27,"63":27,"64":16,"65":16,"66":16,"67":16,"68":16,"69":16,"70":27,"71":27,"72":27,"73":1,"74":1,"75":1,"76":1,"77":1,"78":1,"79":1,"80":1,"81":1,"82":27,"83":27,"84":27,"85":27},"branchMap":{"0":{"type":"branch","line":11,"loc":{"start":{"line":11,"column":7},"end":{"line":86,"column":1}},"locations":[{"start":{"line":11,"column":7},"end":{"line":86,"column":1}}]},"1":{"type":"branch","line":15,"loc":{"start":{"line":15,"column":38},"end":{"line":31,"column":5}},"locations":[{"start":{"line":15,"column":38},"end":{"line":31,"column":5}}]},"2":{"type":"branch","line":20,"loc":{"start":{"line":20,"column":6},"end":{"line":27,"column":7}},"locations":[{"start":{"line":20,"column":6},"end":{"line":27,"column":7}}]},"3":{"type":"branch","line":33,"loc":{"start":{"line":33,"column":40},"end":{"line":62,"column":5}},"locations":[{"start":{"line":33,"column":40},"end":{"line":62,"column":5}}]},"4":{"type":"branch","line":35,"loc":{"start":{"line":35,"column":18},"end":{"line":39,"column":42}},"locations":[{"start":{"line":35,"column":18},"end":{"line":39,"column":42}}]},"5":{"type":"branch","line":43,"loc":{"start":{"line":43,"column":18},"end":{"line":61,"column":28}},"locations":[{"start":{"line":43,"column":18},"end":{"line":61,"column":28}}]},"6":{"type":"branch","line":48,"loc":{"start":{"line":48,"column":6},"end":{"line":50,"column":7}},"locations":[{"start":{"line":48,"column":6},"end":{"line":50,"column":7}}]},"7":{"type":"branch","line":64,"loc":{"start":{"line":64,"column":12},"end":{"line":71,"column":5}},"locations":[{"start":{"line":64,"column":12},"end":{"line":71,"column":5}}]},"8":{"type":"branch","line":67,"loc":{"start":{"line":67,"column":11},"end":{"line":70,"column":6}},"locations":[{"start":{"line":67,"column":11},"end":{"line":70,"column":6}}]},"9":{"type":"branch","line":73,"loc":{"start":{"line":73,"column":32},"end":{"line":83,"column":5}},"locations":[{"start":{"line":73,"column":32},"end":{"line":83,"column":5}}]}},"b":{"0":[27],"1":[2],"2":[0],"3":[4],"4":[2],"5":[2],"6":[0],"7":[16],"8":[16],"9":[1]},"fnMap":{"0":{"name":"useDragCoordinator","decl":{"start":{"line":11,"column":7},"end":{"line":86,"column":1}},"loc":{"start":{"line":11,"column":7},"end":{"line":86,"column":1}},"line":11}},"f":{"0":27}}
,"/home/alex/dev/ug-layout/packages/react/src/stories/UGLayout.stories.tsx": {"path":"/home/alex/dev/ug-layout/packages/react/src/stories/UGLayout.stories.tsx","all":true,"statementMap":{"0":{"start":{"line":1,"column":0},"end":{"line":1,"column":39}},"1":{"start":{"line":2,"column":0},"end":{"line":2,"column":55}},"2":{"start":{"line":3,"column":0},"end":{"line":3,"column":52}},"3":{"start":{"line":4,"column":0},"end":{"line":4,"column":47}},"4":{"start":{"line":5,"column":0},"end":{"line":5,"column":0}},"5":{"start":{"line":6,"column":0},"end":{"line":6,"column":44}},"6":{"start":{"line":7,"column":0},"end":{"line":7,"column":16}},"7":{"start":{"line":8,"column":0},"end":{"line":8,"column":21}},"8":{"start":{"line":9,"column":0},"end":{"line":9,"column":24}},"9":{"start":{"line":10,"column":0},"end":{"line":10,"column":20}},"10":{"start":{"line":11,"column":0},"end":{"line":11,"column":20}},"11":{"start":{"line":12,"column":0},"end":{"line":12,"column":21}},"12":{"start":{"line":13,"column":0},"end":{"line":13,"column":28}},"13":{"start":{"line":14,"column":0},"end":{"line":14,"column":26}},"14":{"start":{"line":15,"column":0},"end":{"line":15,"column":29}},"15":{"start":{"line":16,"column":0},"end":{"line":16,"column":30}},"16":{"start":{"line":17,"column":0},"end":{"line":17,"column":27}},"17":{"start":{"line":18,"column":0},"end":{"line":18,"column":5}},"18":{"start":{"line":19,"column":0},"end":{"line":19,"column":73}},"19":{"start":{"line":20,"column":0},"end":{"line":20,"column":94}},"20":{"start":{"line":21,"column":0},"end":{"line":21,"column":8}},"21":{"start":{"line":22,"column":0},"end":{"line":22,"column":2}},"22":{"start":{"line":23,"column":0},"end":{"line":23,"column":0}},"23":{"start":{"line":24,"column":0},"end":{"line":24,"column":18}},"24":{"start":{"line":25,"column":0},"end":{"line":25,"column":31}},"25":{"start":{"line":26,"column":0},"end":{"line":26,"column":26}},"26":{"start":{"line":27,"column":0},"end":{"line":27,"column":26}},"27":{"start":{"line":28,"column":0},"end":{"line":28,"column":2}},"28":{"start":{"line":29,"column":0},"end":{"line":29,"column":0}},"29":{"start":{"line":30,"column":0},"end":{"line":30,"column":37}},"30":{"start":{"line":31,"column":0},"end":{"line":31,"column":31}},"31":{"start":{"line":32,"column":0},"end":{"line":32,"column":22}},"32":{"start":{"line":33,"column":0},"end":{"line":33,"column":2}},"33":{"start":{"line":34,"column":0},"end":{"line":34,"column":0}},"34":{"start":{"line":35,"column":0},"end":{"line":35,"column":20}},"35":{"start":{"line":36,"column":0},"end":{"line":36,"column":39}},"36":{"start":{"line":37,"column":0},"end":{"line":37,"column":0}},"37":{"start":{"line":38,"column":0},"end":{"line":38,"column":31}},"38":{"start":{"line":39,"column":0},"end":{"line":39,"column":17}},"39":{"start":{"line":40,"column":0},"end":{"line":40,"column":34}},"40":{"start":{"line":41,"column":0},"end":{"line":41,"column":35}},"41":{"start":{"line":42,"column":0},"end":{"line":42,"column":50}},"42":{"start":{"line":43,"column":0},"end":{"line":43,"column":63}},"43":{"start":{"line":44,"column":0},"end":{"line":44,"column":55}},"44":{"start":{"line":45,"column":0},"end":{"line":45,"column":15}},"45":{"start":{"line":46,"column":0},"end":{"line":46,"column":11}},"46":{"start":{"line":47,"column":0},"end":{"line":47,"column":0}},"47":{"start":{"line":48,"column":0},"end":{"line":48,"column":12}},"48":{"start":{"line":49,"column":0},"end":{"line":49,"column":58}},"49":{"start":{"line":50,"column":0},"end":{"line":50,"column":82}},"50":{"start":{"line":51,"column":0},"end":{"line":51,"column":22}},"51":{"start":{"line":52,"column":0},"end":{"line":52,"column":14}},"52":{"start":{"line":53,"column":0},"end":{"line":53,"column":23}},"53":{"start":{"line":54,"column":0},"end":{"line":54,"column":6}},"54":{"start":{"line":55,"column":0},"end":{"line":55,"column":3}},"55":{"start":{"line":56,"column":0},"end":{"line":56,"column":2}},"56":{"start":{"line":57,"column":0},"end":{"line":57,"column":0}},"57":{"start":{"line":58,"column":0},"end":{"line":58,"column":37}},"58":{"start":{"line":59,"column":0},"end":{"line":59,"column":17}},"59":{"start":{"line":60,"column":0},"end":{"line":60,"column":34}},"60":{"start":{"line":61,"column":0},"end":{"line":61,"column":35}},"61":{"start":{"line":62,"column":0},"end":{"line":62,"column":42}},"62":{"start":{"line":63,"column":0},"end":{"line":63,"column":36}},"63":{"start":{"line":64,"column":0},"end":{"line":64,"column":63}},"64":{"start":{"line":65,"column":0},"end":{"line":65,"column":64}},"65":{"start":{"line":66,"column":0},"end":{"line":66,"column":34}},"66":{"start":{"line":67,"column":0},"end":{"line":67,"column":51}},"67":{"start":{"line":68,"column":0},"end":{"line":68,"column":15}},"68":{"start":{"line":69,"column":0},"end":{"line":69,"column":11}},"69":{"start":{"line":70,"column":0},"end":{"line":70,"column":0}},"70":{"start":{"line":71,"column":0},"end":{"line":71,"column":12}},"71":{"start":{"line":72,"column":0},"end":{"line":72,"column":58}},"72":{"start":{"line":73,"column":0},"end":{"line":73,"column":82}},"73":{"start":{"line":74,"column":0},"end":{"line":74,"column":22}},"74":{"start":{"line":75,"column":0},"end":{"line":75,"column":14}},"75":{"start":{"line":76,"column":0},"end":{"line":76,"column":23}},"76":{"start":{"line":77,"column":0},"end":{"line":77,"column":6}},"77":{"start":{"line":78,"column":0},"end":{"line":78,"column":3}},"78":{"start":{"line":79,"column":0},"end":{"line":79,"column":2}},"79":{"start":{"line":80,"column":0},"end":{"line":80,"column":0}},"80":{"start":{"line":81,"column":0},"end":{"line":81,"column":35}},"81":{"start":{"line":82,"column":0},"end":{"line":82,"column":17}},"82":{"start":{"line":83,"column":0},"end":{"line":83,"column":34}},"83":{"start":{"line":84,"column":0},"end":{"line":84,"column":35}},"84":{"start":{"line":85,"column":0},"end":{"line":85,"column":50}},"85":{"start":{"line":86,"column":0},"end":{"line":86,"column":15}},"86":{"start":{"line":87,"column":0},"end":{"line":87,"column":11}},"87":{"start":{"line":88,"column":0},"end":{"line":88,"column":0}},"88":{"start":{"line":89,"column":0},"end":{"line":89,"column":12}},"89":{"start":{"line":90,"column":0},"end":{"line":90,"column":20}},"90":{"start":{"line":91,"column":0},"end":{"line":91,"column":23}},"91":{"start":{"line":92,"column":0},"end":{"line":92,"column":25}},"92":{"start":{"line":93,"column":0},"end":{"line":93,"column":33}},"93":{"start":{"line":94,"column":0},"end":{"line":94,"column":34}},"94":{"start":{"line":95,"column":0},"end":{"line":95,"column":33}},"95":{"start":{"line":96,"column":0},"end":{"line":96,"column":35}},"96":{"start":{"line":97,"column":0},"end":{"line":97,"column":39}},"97":{"start":{"line":98,"column":0},"end":{"line":98,"column":36}},"98":{"start":{"line":99,"column":0},"end":{"line":99,"column":44}},"99":{"start":{"line":100,"column":0},"end":{"line":100,"column":32}},"100":{"start":{"line":101,"column":0},"end":{"line":101,"column":60}},"101":{"start":{"line":102,"column":0},"end":{"line":102,"column":22}},"102":{"start":{"line":103,"column":0},"end":{"line":103,"column":25}},"103":{"start":{"line":104,"column":0},"end":{"line":104,"column":12}},"104":{"start":{"line":105,"column":0},"end":{"line":105,"column":6}},"105":{"start":{"line":106,"column":0},"end":{"line":106,"column":3}},"106":{"start":{"line":107,"column":0},"end":{"line":107,"column":2}}},"s":{"0":0,"1":0,"2":0,"3":0,"4":0,"5":0,"6":0,"7":0,"8":0,"9":0,"10":0,"11":0,"12":0,"13":0,"14":0,"15":0,"16":0,"17":0,"18":0,"19":0,"20":0,"21":0,"22":0,"23":0,"24":0,"25":0,"26":0,"27":0,"28":0,"29":0,"30":0,"31":0,"32":0,"33":0,"34":0,"35":0,"36":0,"37":0,"38":0,"39":0,"40":0,"41":0,"42":0,"43":0,"44":0,"45":0,"46":0,"47":0,"48":0,"49":0,"50":0,"51":0,"52":0,"53":0,"54":0,"55":0,"56":0,"57":0,"58":0,"59":0,"60":0,"61":0,"62":0,"63":0,"64":0,"65":0,"66":0,"67":0,"68":0,"69":0,"70":0,"71":0,"72":0,"73":0,"74":0,"75":0,"76":0,"77":0,"78":0,"79":0,"80":0,"81":0,"82":0,"83":0,"84":0,"85":0,"86":0,"87":0,"88":0,"89":0,"90":0,"91":0,"92":0,"93":0,"94":0,"95":0,"96":0,"97":0,"98":0,"99":0,"100":0,"101":0,"102":0,"103":0,"104":0,"105":0,"106":0},"branchMap":{"0":{"type":"branch","line":1,"loc":{"start":{"line":1,"column":0},"end":{"line":107,"column":-1613}},"locations":[{"start":{"line":1,"column":0},"end":{"line":107,"column":-1613}}]}},"b":{"0":[0]},"fnMap":{"0":{"name":"(empty-report)","decl":{"start":{"line":1,"column":0},"end":{"line":107,"column":-1613}},"loc":{"start":{"line":1,"column":0},"end":{"line":107,"column":-1613}},"line":1}},"f":{"0":0}}
}
